Warning: grid volume is not an integer number of pixels; cell size will be rounded to nearest pixel.
Using MPI version 3.1, 720 processes
-----------
Initializing structure...
time for choose_chunkdivision = 0.000231028 s
Working in 2D dimensions.
Computational cell is 29.75 x 0.025 x 0 with resolution 40
time for set_epsilon = 0.00639319 s
-----------
Meep: using complex fields.
field decay(t = 4.0125): 7.833395629686791e-12 / 7.833395629686791e-12 = 1.0
field decay(t = 8.025): 2.001808223720088e-11 / 2.001808223720088e-11 = 1.0
field decay(t = 12.037500000000001): 5.225128270074755e-11 / 5.225128270074755e-11 = 1.0
field decay(t = 16.05): 1.321046494140223e-10 / 1.321046494140223e-10 = 1.0
field decay(t = 20.0625): 3.3191653407132794e-10 / 3.3191653407132794e-10 = 1.0
field decay(t = 24.075000000000003): 8.128569667687408e-10 / 8.128569667687408e-10 = 1.0
field decay(t = 28.087500000000002): 1.9551993293471747e-09 / 1.9551993293471747e-09 = 1.0
field decay(t = 32.0875): 4.5969307446610066e-09 / 4.5969307446610066e-09 = 1.0
field decay(t = 36.1): 1.0614305123905451e-08 / 1.0614305123905451e-08 = 1.0
field decay(t = 40.112500000000004): 2.4031427260033075e-08 / 2.4031427260033075e-08 = 1.0
field decay(t = 44.125): 5.3320334765213546e-08 / 5.3320334765213546e-08 = 1.0
field decay(t = 48.1375): 1.1593687903296029e-07 / 1.1593687903296029e-07 = 1.0
field decay(t = 52.150000000000006): 2.471038309232561e-07 / 2.471038309232561e-07 = 1.0
field decay(t = 56.1625): 5.160942040726114e-07 / 5.160942040726114e-07 = 1.0
field decay(t = 60.175000000000004): 1.056561926564302e-06 / 1.056561926564302e-06 = 1.0
field decay(t = 64.175): 2.1152124282435515e-06 / 2.1152124282435515e-06 = 1.0
field decay(t = 68.1875): 4.159544734811445e-06 / 4.159544734811445e-06 = 1.0
field decay(t = 72.2): 8.016619667842405e-06 / 8.016619667842405e-06 = 1.0
field decay(t = 76.2125): 1.5142568055229862e-05 / 1.5142568055229862e-05 = 1.0
field decay(t = 80.22500000000001): 2.803278956824703e-05 / 2.803278956824703e-05 = 1.0
field decay(t = 84.23750000000001): 5.086196548696333e-05 / 5.086196548696333e-05 = 1.0
field decay(t = 88.25): 9.044402868881089e-05 / 9.044402868881089e-05 = 1.0
field decay(t = 92.2625): 0.00015762535171586753 / 0.00015762535171586753 = 1.0
field decay(t = 96.275): 0.0002692355323771303 / 0.0002692355323771303 = 1.0
field decay(t = 100.28750000000001): 0.0004507109516786103 / 0.0004507109516786103 = 1.0
field decay(t = 104.30000000000001): 0.0007394756350473572 / 0.0007394756350473572 = 1.0
field decay(t = 108.3125): 0.0011890748639150025 / 0.0011890748639150025 = 1.0
field decay(t = 112.325): 0.0018739345302348845 / 0.0018739345302348845 = 1.0
field decay(t = 116.3375): 0.002894405113766717 / 0.002894405113766717 = 1.0
field decay(t = 120.35000000000001): 0.004381512086978085 / 0.004381512086978085 = 1.0
field decay(t = 124.36250000000001): 0.006500525507460975 / 0.006500525507460975 = 1.0
field decay(t = 128.375): 0.009452194866917297 / 0.009452194866917297 = 1.0
field decay(t = 132.38750000000002): 0.013470280902940933 / 0.013470280902940933 = 1.0
field decay(t = 136.4): 0.018813966539516537 / 0.018813966539516537 = 1.0
field decay(t = 140.4125): 0.0257539517122041 / 0.0257539517122041 = 1.0
field decay(t = 144.425): 0.03455151650932737 / 0.03455151650932737 = 1.0
field decay(t = 148.4375): 0.045430774743137906 / 0.045430774743137906 = 1.0
field decay(t = 152.45000000000002): 0.058545417127274055 / 0.058545417127274055 = 1.0
field decay(t = 156.4625): 0.07394272499689133 / 0.07394272499689133 = 1.0
field decay(t = 160.47500000000002): 0.09152879374786792 / 0.09152879374786792 = 1.0
field decay(t = 164.4875): 0.1110400895257775 / 0.1110400895257775 = 1.0
field decay(t = 168.5): 0.13202665379905307 / 0.13202665379905307 = 1.0
field decay(t = 172.51250000000002): 0.15385201858763609 / 0.15385201858763609 = 1.0
field decay(t = 176.525): 0.17571326025436745 / 0.17571326025436745 = 1.0
field decay(t = 180.53750000000002): 0.19668246296265918 / 0.19668246296265918 = 1.0
field decay(t = 184.55): 0.21576773413995273 / 0.21576773413995273 = 1.0
field decay(t = 188.5625): 0.23198885519581816 / 0.23198885519581816 = 1.0
field decay(t = 192.57500000000002): 0.24445983178683686 / 0.24445983178683686 = 1.0
field decay(t = 196.5875): 0.252468761717041 / 0.252468761717041 = 1.0
field decay(t = 200.60000000000002): 0.25554510142646064 / 0.25554510142646064 = 1.0
field decay(t = 204.6125): 0.2555717477946977 / 0.2555717477946977 = 1.0
field decay(t = 208.625): 0.25349110793793933 / 0.2555717477946977 = 0.9918588816067816
field decay(t = 212.63750000000002): 0.2464421136721936 / 0.2555717477946977 = 0.9642776081422035
field decay(t = 216.65): 0.23481557033888475 / 0.2555717477946977 = 0.9187853210109651
field decay(t = 220.66250000000002): 0.21927979224798952 / 0.2555717477946977 = 0.8579969974777426
field decay(t = 224.675): 0.20069201719251634 / 0.2555717477946977 = 0.7852668337727745
field decay(t = 228.6875): 0.1800202429669217 / 0.2555717477946977 = 0.7043824073681768
field decay(t = 232.70000000000002): 0.1582604337485268 / 0.2555717477946977 = 0.619240722474764
field decay(t = 236.7125): 0.1363587851113368 / 0.2555717477946977 = 0.533544048933275
field decay(t = 240.72500000000002): 0.11514727182051768 / 0.2555717477946977 = 0.450547733910777
field decay(t = 244.7375): 0.09529803622032629 / 0.2555717477946977 = 0.3728817329874809
field decay(t = 248.75): 0.07729902260737494 / 0.2555717477946977 = 0.3024552724406365
field decay(t = 252.76250000000002): 0.06145027478945365 / 0.2555717477946977 = 0.24044236234913186
field decay(t = 256.7625): 0.047877713671107866 / 0.2555717477946977 = 0.18733570546916756
field decay(t = 260.77500000000003): 0.03659158438607033 / 0.2555717477946977 = 0.1431753889145234
field decay(t = 264.7875): 0.027386564786758723 / 0.2555717477946977 = 0.1071580290977957
field decay(t = 268.8): 0.020088784045246166 / 0.2555717477946977 = 0.07860330501548084
field decay(t = 272.8125): 0.014442072797769195 / 0.2555717477946977 = 0.05650887831846968
field decay(t = 276.825): 0.010175719861526752 / 0.2555717477946977 = 0.03981551149269037
field decay(t = 280.83750000000003): 0.007026847983076013 / 0.2555717477946977 = 0.027494619588080298
field decay(t = 284.85): 0.004755713628410442 / 0.2555717477946977 = 0.018608135169270488
field decay(t = 288.8625): 0.0031545008520715203 / 0.2555717477946977 = 0.012342916927600108
field decay(t = 292.875): 0.0020507150313265853 / 0.2555717477946977 = 0.008024028669138879
field decay(t = 296.8875): 0.0013065914318485955 / 0.2555717477946977 = 0.005112425153104904
field decay(t = 300.90000000000003): 0.0008158945080153372 / 0.2555717477946977 = 0.0031924284082869366
field decay(t = 304.9125): 0.0004993304278343686 / 0.2555717477946977 = 0.0019537778809396557
field decay(t = 308.925): 0.0002995034250240683 / 0.2555717477946977 = 0.001171895671600842
field decay(t = 312.9375): 0.0001760659307062651 / 0.2555717477946977 = 0.0006889099919123294
field decay(t = 316.95000000000005): 0.00010143987021060803 / 0.2555717477946977 = 0.0003969134737541306
field decay(t = 320.96250000000003): 5.727982576088773e-05 / 0.2555717477946977 = 0.0002241242479074837
field decay(t = 324.975): 3.169966815486431e-05 / 0.2555717477946977 = 0.00012403432080579127
field decay(t = 328.9875): 1.7193611355700377e-05 / 0.2555717477946977 = 6.727508617076136e-05
field decay(t = 333.0): 9.139868204975598e-06 / 0.2555717477946977 = 3.576243573025023e-05
field decay(t = 337.01250000000005): 4.761804490759014e-06 / 0.2555717477946977 = 1.863196746842378e-05
field decay(t = 341.02500000000003): 2.4314447224520267e-06 / 0.2555717477946977 = 9.513746114086211e-06
field decay(t = 345.0375): 1.2167883031894734e-06 / 0.2555717477946977 = 4.761043870024815e-06
field decay(t = 349.05): 5.967991184569325e-07 / 0.2555717477946977 = 2.33515294083423e-06
field decay(t = 353.0625): 2.8687817129233497e-07 / 0.2555717477946977 = 1.1224956348570496e-06
field decay(t = 357.07500000000005): 1.3515472144074577e-07 / 0.2555717477946977 = 5.288327939491823e-07
field decay(t = 361.08750000000003): 6.240497231104237e-08 / 0.2555717477946977 = 2.4417789857262567e-07
field decay(t = 365.1): 2.824055407569608e-08 / 0.2555717477946977 = 1.1049951459572865e-07
on time step 29332 (time=366.65), 0.000136372 s/step
Warning: grid volume is not an integer number of pixels; cell size will be rounded to nearest pixel.
field decay(t = 369.1125): 1.2525093628519103e-08 / 0.2555717477946977 = 4.900813073665945e-08
field decay(t = 373.125): 5.4444324748480105e-09 / 0.2555717477946977 = 2.1302951213612058e-08
field decay(t = 377.13750000000005): 2.3194531186448657e-09 / 0.2555717477946977 = 9.075545863966529e-09
field decay(t = 381.15000000000003): 9.684222652276406e-10 / 0.2555717477946977 = 3.789238339464579e-09
field decay(t = 385.1625): 3.9631639910890715e-10 / 0.2555717477946977 = 1.5507050467380707e-09
field decay(t = 389.175): 1.5892674143623752e-10 / 0.2555717477946977 = 6.218478482367476e-10
field decay(t = 393.1875): 6.248429611239624e-11 / 0.2555717477946977 = 2.4448827639035533e-10
field decay(t = 397.20000000000005): 2.4060754726679982e-11 / 0.2555717477946977 = 9.414481426173963e-11
field decay(t = 401.21250000000003): 9.091245469638419e-12 / 0.2555717477946977 = 3.557218490731405e-11
run 0 finished at t = 401.21250000000003 (32097 timesteps)
-----------
Initializing structure...
time for choose_chunkdivision = 0.000553131 s
Working in 2D dimensions.
Computational cell is 29.75 x 0.025 x 0 with resolution 40
     block, center = (-7.8635,0,0)
          size (0.018,1e+20,0)
          axes (1,0,0), (0,1,0), (0,0,1)
          dielectric constant epsilon diagonal = (4.3681,4.3681,4.3681)
     block, center = (-7.831,0,0)
          size (0.047,1e+20,0)
          axes (1,0,0), (0,1,0), (0,0,1)
          dielectric constant epsilon diagonal = (2.1316,2.1316,2.1316)
     block, center = (-7.7295,0,0)
          size (0.156,1e+20,0)
          axes (1,0,0), (0,1,0), (0,0,1)
          dielectric constant epsilon diagonal = (4.3681,4.3681,4.3681)
     block, center = (-7.5455,0,0)
          size (0.212,1e+20,0)
          axes (1,0,0), (0,1,0), (0,0,1)
          dielectric constant epsilon diagonal = (2.1316,2.1316,2.1316)
     block, center = (-7.3505,0,0)
          size (0.178,1e+20,0)
          axes (1,0,0), (0,1,0), (0,0,1)
          dielectric constant epsilon diagonal = (4.3681,4.3681,4.3681)
     block, center = (-7.25,0,0)
          size (0.023,1e+20,0)
          axes (1,0,0), (0,1,0), (0,0,1)
          dielectric constant epsilon diagonal = (2.1316,2.1316,2.1316)
     block, center = (-7.213,0,0)
          size (0.051,1e+20,0)
          axes (1,0,0), (0,1,0), (0,0,1)
          dielectric constant epsilon diagonal = (4.3681,4.3681,4.3681)
     block, center = (-7.0755,0,0)
          size (0.224,1e+20,0)
          axes (1,0,0), (0,1,0), (0,0,1)
          dielectric constant epsilon diagonal = (2.1316,2.1316,2.1316)
     block, center = (-6.8885,0,0)
          size (0.15,1e+20,0)
          axes (1,0,0), (0,1,0), (0,0,1)
          dielectric constant epsilon diagonal = (4.3681,4.3681,4.3681)
     block, center = (-6.711,0,0)
          size (0.205,1e+20,0)
          axes (1,0,0), (0,1,0), (0,0,1)
          dielectric constant epsilon diagonal = (2.1316,2.1316,2.1316)
     ...(+ 80 objects not shown)...
time for set_epsilon = 0.029588 s
-----------
Meep: using complex fields.
field decay(t = 4.0125): 7.833395629686791e-12 / 7.833395629686791e-12 = 1.0
field decay(t = 8.025): 1.9839611517723958e-11 / 1.9839611517723958e-11 = 1.0
field decay(t = 12.037500000000001): 3.294028210606212e-11 / 3.294028210606212e-11 = 1.0
field decay(t = 16.05): 8.0511668202985e-11 / 8.0511668202985e-11 = 1.0
field decay(t = 20.0625): 1.956629636129683e-10 / 1.956629636129683e-10 = 1.0
field decay(t = 24.075000000000003): 4.665341329920821e-10 / 4.665341329920821e-10 = 1.0
field decay(t = 28.087500000000002): 1.1159958246459173e-09 / 1.1159958246459173e-09 = 1.0
field decay(t = 32.0875): 2.5825323787763604e-09 / 2.5825323787763604e-09 = 1.0
field decay(t = 36.1): 5.841167844073242e-09 / 5.841167844073242e-09 = 1.0
field decay(t = 40.112500000000004): 1.2977175271082087e-08 / 1.2977175271082087e-08 = 1.0
field decay(t = 44.125): 2.81625924582937e-08 / 2.81625924582937e-08 = 1.0
field decay(t = 48.1375): 6.000597455754915e-08 / 6.000597455754915e-08 = 1.0
field decay(t = 52.150000000000006): 1.2570036415671665e-07 / 1.2570036415671665e-07 = 1.0
field decay(t = 56.1625): 2.573990817121377e-07 / 2.573990817121377e-07 = 1.0
field decay(t = 60.175000000000004): 5.159182498140638e-07 / 5.159182498140638e-07 = 1.0
field decay(t = 64.175): 1.0111546480267995e-06 / 1.0111546480267995e-06 = 1.0
field decay(t = 68.1875): 1.945128051955058e-06 / 1.945128051955058e-06 = 1.0
field decay(t = 72.2): 3.662094707043247e-06 / 3.662094707043247e-06 = 1.0
field decay(t = 76.2125): 6.7502591259273785e-06 / 6.7502591259273785e-06 = 1.0
field decay(t = 80.22500000000001): 1.2181792564059677e-05 / 1.2181792564059677e-05 = 1.0
field decay(t = 84.23750000000001): 2.1519693534034813e-05 / 2.1519693534034813e-05 = 1.0
field decay(t = 88.25): 3.7208952563360134e-05 / 3.7208952563360134e-05 = 1.0
field decay(t = 92.2625): 6.296739412272055e-05 / 6.296739412272055e-05 = 1.0
field decay(t = 96.275): 0.00010427681875180689 / 0.00010427681875180689 = 1.0
field decay(t = 100.28750000000001): 0.00016896320443422538 / 0.00016896320443422538 = 1.0
field decay(t = 104.30000000000001): 0.00026783950530111635 / 0.00026783950530111635 = 1.0
field decay(t = 108.3125): 0.00041529674710554724 / 0.00041529674710554724 = 1.0
field decay(t = 112.325): 0.0006297483219156861 / 0.0006297483219156861 = 1.0
field decay(t = 116.3375): 0.0009337032867580933 / 0.0009337032867580933 = 1.0
field decay(t = 120.35000000000001): 0.0013532604063689541 / 0.0013532604063689541 = 1.0
field decay(t = 124.36250000000001): 0.0019167692067027066 / 0.0019167692067027066 = 1.0
field decay(t = 128.375): 0.0026523833046354552 / 0.0026523833046354552 = 1.0
field decay(t = 132.38750000000002): 0.003584476108476652 / 0.003584476108476652 = 1.0
field decay(t = 136.4): 0.0047288586177120714 / 0.0047288586177120714 = 1.0
field decay(t = 140.4125): 0.006087223267565063 / 0.006087223267565063 = 1.0
field decay(t = 144.425): 0.0076412479041237085 / 0.0076412479041237085 = 1.0
field decay(t = 148.4375): 0.009347548242245558 / 0.009347548242245558 = 1.0
field decay(t = 152.45000000000002): 0.011134446418697165 / 0.011134446418697165 = 1.0
field decay(t = 156.4625): 0.012901833948308256 / 0.012901833948308256 = 1.0
field decay(t = 160.47500000000002): 0.014525432645407002 / 0.014525432645407002 = 1.0
field decay(t = 164.4875): 0.01586579399170513 / 0.01586579399170513 = 1.0
field decay(t = 168.5): 0.01678218291304093 / 0.01678218291304093 = 1.0
field decay(t = 172.51250000000002): 0.017150155324718867 / 0.017150155324718867 = 1.0
field decay(t = 176.525): 0.017152973148519417 / 0.017152973148519417 = 1.0
field decay(t = 180.53750000000002): 0.016878948963862238 / 0.017152973148519417 = 0.9840246829348747
field decay(t = 184.55): 0.01593504179828423 / 0.017152973148519417 = 0.9289959041100514
field decay(t = 188.5625): 0.014350903031702073 / 0.017152973148519417 = 0.8366423072807522
field decay(t = 192.57500000000002): 0.012232142130151325 / 0.017152973148519417 = 0.7131208114324576
field decay(t = 196.5875): 0.009753747464730667 / 0.017152973148519417 = 0.5686330515577456
field decay(t = 200.60000000000002): 0.007145558623848618 / 0.017152973148519417 = 0.41657842998870415
field decay(t = 204.6125): 0.004667847369099748 / 0.017152973148519417 = 0.27213051222566975
field decay(t = 208.625): 0.0025802454961952903 / 0.017152973148519417 = 0.15042555444203023
field decay(t = 212.63750000000002): 0.0011082015618697266 / 0.017152973148519417 = 0.06460696651678619
field decay(t = 216.65): 0.000563749263475672 / 0.017152973148519417 = 0.03286597947740231
field decay(t = 220.66250000000002): 0.0015382339521145519 / 0.017152973148519417 = 0.0896773952128134
field decay(t = 224.675): 0.003215961339615457 / 0.017152973148519417 = 0.18748710860618628
field decay(t = 228.6875): 0.005397212151011353 / 0.017152973148519417 = 0.31465169940391474
field decay(t = 232.70000000000002): 0.007830453521025954 / 0.017152973148519417 = 0.45650707042014177
field decay(t = 236.7125): 0.01024590584891745 / 0.017152973148519417 = 0.597325359295035
field decay(t = 240.72500000000002): 0.012389969249212658 / 0.017152973148519417 = 0.7223219637746658
field decay(t = 244.7375): 0.014055267316064489 / 0.017152973148519417 = 0.8194070610597142
field decay(t = 248.75): 0.015102071380520317 / 0.017152973148519417 = 0.8804346191041448
field decay(t = 252.76250000000002): 0.015468564439103459 / 0.017152973148519417 = 0.9018007726805455
field decay(t = 256.7625): 0.015469043256853552 / 0.017152973148519417 = 0.9018286872435747
field decay(t = 260.77500000000003): 0.01516966920853861 / 0.017152973148519417 = 0.8843755002232951
field decay(t = 264.7875): 0.014285848765744113 / 0.017152973148519417 = 0.8328497131109434
field decay(t = 268.8): 0.012944779621752799 / 0.017152973148519417 = 0.7546668154651747
field decay(t = 272.8125): 0.01129966426143084 / 0.017152973148519417 = 0.658758348397822
field decay(t = 276.825): 0.009507766676705559 / 0.017152973148519417 = 0.554292634541099
field decay(t = 280.83750000000003): 0.007712121479517338 / 0.017152973148519417 = 0.4496084388835542
field decay(t = 284.85): 0.006028549472994345 / 0.017152973148519417 = 0.3514579904484202
field decay(t = 288.8625): 0.004538619190446972 / 0.017152973148519417 = 0.2645966475402971
field decay(t = 292.875): 0.003288371114667179 / 0.017152973148519417 = 0.1917085210939667
field decay(t = 296.8875): 0.0022917052752941362 / 0.017152973148519417 = 0.13360396797985707
field decay(t = 300.90000000000003): 0.0015368865224946627 / 0.017152973148519417 = 0.0895988415062214
field decay(t = 304.9125): 0.0009945474144675128 / 0.017152973148519417 = 0.0579810512064702
field decay(t = 308.925): 0.000625756450260472 / 0.017152973148519417 = 0.03648093218839354
field decay(t = 312.9375): 0.000389029518800981 / 0.017152973148519417 = 0.022680005118212443
field decay(t = 316.95000000000005): 0.000245652124948775 / 0.017152973148519417 = 0.014321256310599356
field decay(t = 320.96250000000003): 0.00016306945120620148 / 0.017152973148519417 = 0.009506774702802881
field decay(t = 324.975): 0.00011643233577910268 / 0.017152973148519417 = 0.0067878807231242415
field decay(t = 328.9875): 8.864434579500435e-05 / 0.017152973148519417 = 0.005167870609221808
field decay(t = 333.0): 6.936058091711931e-05 / 0.017152973148519417 = 0.00404364772897148
field decay(t = 337.01250000000005): 5.340473630952076e-05 / 0.017152973148519417 = 0.0031134390433142176
field decay(t = 341.02500000000003): 3.903440885796524e-05 / 0.017152973148519417 = 0.002275664313118484
field decay(t = 345.0375): 2.6364549769119247e-05 / 0.017152973148519417 = 0.0015370250708632946
field decay(t = 349.05): 1.614821321523346e-05 / 0.017152973148519417 = 0.0009414235698624243
field decay(t = 353.0625): 8.993266783206046e-06 / 0.017152973148519417 = 0.0005242978406913855
field decay(t = 357.07500000000005): 4.9940085607125365e-06 / 0.017152973148519417 = 0.0002911453610678334
field decay(t = 361.08750000000003): 4.231905497920316e-06 / 0.017152973148519417 = 0.0002467155671077115
field decay(t = 365.1): 5.647907114982109e-06 / 0.017152973148519417 = 0.00032926694783927976
field decay(t = 369.1125): 7.071865444438178e-06 / 0.017152973148519417 = 0.00041228219639862233
field decay(t = 373.125): 7.911890603166631e-06 / 0.017152973148519417 = 0.0004612547652620535
field decay(t = 377.13750000000005): 8.021121227487075e-06 / 0.017152973148519417 = 0.0004676227939049406
field decay(t = 381.15000000000003): 7.914065098859321e-06 / 0.017152973148519417 = 0.0004613815360366512
field decay(t = 385.1625): 7.133233324096603e-06 / 0.017152973148519417 = 0.00041585987818749183
field decay(t = 389.175): 5.836364285432925e-06 / 0.017152973148519417 = 0.00034025379943748696
field decay(t = 393.1875): 4.375543788942693e-06 / 0.017152973148519417 = 0.00025508952594147647
field decay(t = 397.20000000000005): 3.0768879315406494e-06 / 0.017152973148519417 = 0.00017937927756892893
field decay(t = 401.21250000000003): 2.1603555924629238e-06 / 0.017152973148519417 = 0.00012594642186852592
field decay(t = 405.225): 1.7045668082151913e-06 / 0.017152973148519417 = 9.93744229327569e-05
field decay(t = 409.2375): 1.914011492859453e-06 / 0.017152973148519417 = 0.00011158482417519925
field decay(t = 413.25): 2.2687401204630596e-06 / 0.017152973148519417 = 0.0001322651240003188
field decay(t = 417.26250000000005): 2.5745021801376826e-06 / 0.017152973148519417 = 0.00015009072525481708
field decay(t = 421.27500000000003): 2.7276329795340948e-06 / 0.017152973148519417 = 0.0001590180871803868
field decay(t = 425.2875): 2.7345668999765095e-06 / 0.017152973148519417 = 0.00015942232733061484
field decay(t = 429.3): 2.6817992127098043e-06 / 0.017152973148519417 = 0.0001563460275655645
field decay(t = 433.3125): 2.4596404011073784e-06 / 0.017152973148519417 = 0.00014339440631140296
field decay(t = 437.32500000000005): 2.119801017527787e-06 / 0.017152973148519417 = 0.0001235821334979913
field decay(t = 441.33750000000003): 1.742953731110453e-06 / 0.017152973148519417 = 0.00010161233950633791
field decay(t = 445.35): 1.4000792854797915e-06 / 0.017152973148519417 = 8.162312581948169e-05
field decay(t = 449.3625): 1.143194131443383e-06 / 0.017152973148519417 = 6.664699591989154e-05
field decay(t = 453.375): 9.912337604213017e-07 / 0.017152973148519417 = 5.7787868717491776e-05
field decay(t = 457.38750000000005): 9.426285562858418e-07 / 0.017152973148519417 = 5.495423726977653e-05
field decay(t = 461.40000000000003): 9.82583369538268e-07 / 0.017152973148519417 = 5.728356017528548e-05
field decay(t = 465.4125): 1.0174550694917822e-06 / 0.017152973148519417 = 5.931654300873229e-05
field decay(t = 469.425): 1.0253384156702755e-06 / 0.017152973148519417 = 5.97761336645466e-05
field decay(t = 473.4375): 1.0230115098083419e-06 / 0.017152973148519417 = 5.964047753999105e-05
field decay(t = 477.45000000000005): 9.886215434987197e-07 / 0.017152973148519417 = 5.763557926306519e-05
field decay(t = 481.46250000000003): 9.176176617906708e-07 / 0.017152973148519417 = 5.349612885448236e-05
field decay(t = 485.475): 8.211342010219496e-07 / 0.017152973148519417 = 4.7871246221406636e-05
field decay(t = 489.4875): 7.163280174042783e-07 / 0.017152973148519417 = 4.176115774227217e-05
field decay(t = 493.5): 6.1918251697286e-07 / 0.017152973148519417 = 3.609767890450558e-05
field decay(t = 497.51250000000005): 5.406410993140441e-07 / 0.017152973148519417 = 3.151879820675346e-05
field decay(t = 501.52500000000003): 4.85958823201189e-07 / 0.017152973148519417 = 2.8330879958448205e-05
field decay(t = 505.5375): 4.536780790140222e-07 / 0.017152973148519417 = 2.6448947076745236e-05
field decay(t = 509.55): 4.376409027945763e-07 / 0.017152973148519417 = 2.5513996845051428e-05
field decay(t = 513.5625): 4.3008717699347534e-07 / 0.017152973148519417 = 2.507362270491276e-05
field decay(t = 517.575): 4.232550943733691e-07 / 0.017152973148519417 = 2.4675319590872382e-05
field decay(t = 521.5875): 4.1147052076872046e-07 / 0.017152973148519417 = 2.3988291546077368e-05
field decay(t = 525.6): 3.919628415882285e-07 / 0.017152973148519417 = 2.2851014701323734e-05
field decay(t = 529.6125000000001): 3.6528144498841693e-07 / 0.017152973148519417 = 2.129551779890396e-05
field decay(t = 533.625): 3.336560484276049e-07 / 0.017152973148519417 = 1.945179098332611e-05
field decay(t = 537.6375): 3.0072411864057197e-07 / 0.017152973148519417 = 1.753189467719358e-05
field decay(t = 541.65): 2.6977333189139087e-07 / 0.017152973148519417 = 1.572749689255339e-05
field decay(t = 545.6625): 2.433386348688519e-07 / 0.017152973148519417 = 1.4186382311795085e-05
field decay(t = 549.6750000000001): 2.2259046768213883e-07 / 0.017152973148519417 = 1.2976786342217998e-05
field decay(t = 553.6875): 2.0718342858813688e-07 / 0.017152973148519417 = 1.2078572431393341e-05
field decay(t = 557.7): 1.9614050429565652e-07 / 0.017152973148519417 = 1.1434781748759786e-05
field decay(t = 561.7125): 1.8743460985618654e-07 / 0.017152973148519417 = 1.0927237408540176e-05
field decay(t = 565.725): 1.796201711708383e-07 / 0.017152973148519417 = 1.0471663985922024e-05
field decay(t = 569.7375000000001): 1.7116168734837066e-07 / 0.017152973148519417 = 9.97854342022011e-06
field decay(t = 573.75): 1.616635798077707e-07 / 0.017152973148519417 = 9.42481390298946e-06
field decay(t = 577.7625): 1.508056429928713e-07 / 0.017152973148519417 = 8.791807792568502e-06
field decay(t = 581.775): 1.3926028552409737e-07 / 0.017152973148519417 = 8.118725792800405e-06
field decay(t = 585.7875): 1.2761078995601207e-07 / 0.017152973148519417 = 7.439572653154125e-06
field decay(t = 589.8000000000001): 1.1666775589136355e-07 / 0.017152973148519417 = 6.801605464031983e-06
field decay(t = 593.8125): 1.0692400460249706e-07 / 0.017152973148519417 = 6.2335551788423545e-06
field decay(t = 597.825): 9.865350022698801e-08 / 0.017152973148519417 = 5.751393613969683e-06
field decay(t = 601.8375): 9.18559827427368e-08 / 0.017152973148519417 = 5.355105610403493e-06
field decay(t = 605.85): 8.616732789345481e-08 / 0.017152973148519417 = 5.02346311320918e-06
field decay(t = 609.8625000000001): 8.132744905242357e-08 / 0.017152973148519417 = 4.741303350051793e-06
field decay(t = 613.875): 7.68448287588059e-08 / 0.017152973148519417 = 4.479971378340254e-06
field decay(t = 617.8875): 7.249727968741369e-08 / 0.017152973148519417 = 4.226513914508832e-06
field decay(t = 621.9000000000001): 6.800602317320528e-08 / 0.017152973148519417 = 3.9646784603679805e-06
field decay(t = 625.9125): 6.349561991959635e-08 / 0.017152973148519417 = 3.701726771785745e-06
field decay(t = 629.9250000000001): 5.890759637349876e-08 / 0.017152973148519417 = 3.4342499031186002e-06
field decay(t = 633.9375): 5.445335161525282e-08 / 0.017152973148519417 = 3.1745721947890436e-06
field decay(t = 637.95): 5.024806570875427e-08 / 0.017152973148519417 = 2.9294085214079346e-06
field decay(t = 641.9625000000001): 4.64436853822072e-08 / 0.017152973148519417 = 2.707617214815966e-06
field decay(t = 645.975): 4.304373731810642e-08 / 0.017152973148519417 = 2.5094038768329677e-06
field decay(t = 649.9875000000001): 4.00831436083015e-08 / 0.017152973148519417 = 2.336804428086062e-06
field decay(t = 654.0): 3.7473763253272006e-08 / 0.017152973148519417 = 2.1846803425158165e-06
field decay(t = 658.0125): 3.513899549778924e-08 / 0.017152973148519417 = 2.048565877969809e-06
field decay(t = 662.0250000000001): 3.2975597010824265e-08 / 0.017152973148519417 = 1.9224420586043185e-06
field decay(t = 666.0375): 3.0930153020090085e-08 / 0.017152973148519417 = 1.8031948602892708e-06
field decay(t = 670.0500000000001): 2.8943529355493183e-08 / 0.017152973148519417 = 1.687376824115852e-06
field decay(t = 674.0625): 2.699292582368541e-08 / 0.017152973148519417 = 1.5736587231826537e-06
field decay(t = 678.075): 2.510994431367195e-08 / 0.017152973148519417 = 1.4638829138398872e-06
field decay(t = 682.0875000000001): 2.3313326522513886e-08 / 0.017152973148519417 = 1.3591420169934917e-06
field decay(t = 686.1): 2.1616603047580944e-08 / 0.017152973148519417 = 1.2602248520074674e-06
field decay(t = 690.1125000000001): 2.0057401695582028e-08 / 0.017152973148519417 = 1.1693250797931384e-06
field decay(t = 694.125): 1.864294054011511e-08 / 0.017152973148519417 = 1.0868635063259748e-06
field decay(t = 698.1375): 1.7367325921922303e-08 / 0.017152973148519417 = 1.0124965375708867e-06
field decay(t = 702.1500000000001): 1.620402932230455e-08 / 0.017152973148519417 = 9.446775892436597e-07
run 0 finished at t = 702.1500000000001 (56172 timesteps)
Luminous efficiency 0.2607960637242695

Elapsed run time = 58.2059 s
