Warning: grid volume is not an integer number of pixels; cell size will be rounded to nearest pixel.
Using MPI version 3.1, 96 processes
-----------
Initializing structure...
Splitting into 5 chunks by voxels
time for choose_chunkdivision = 0.00867701 s
Working in 2D dimensions.
Computational cell is 29.75 x 0.025 x 0 with resolution 40
time for set_epsilon = 0.020612 s
-----------
Warning: grid volume is not an integer number of pixels; cell size will be rounded to nearest pixel.
Meep: using complex fields.
field decay(t = 22.512500000000003): 0.2832140402522736 / 0.2832140402522736 = 1.0
field decay(t = 45.025000000000006): 4.80642385411658e-08 / 0.2832140402522736 = 1.6970994269335116e-07
run 0 finished at t = 45.025000000000006 (3602 timesteps)
-----------
Initializing structure...
Splitting into 5 chunks by voxels
time for choose_chunkdivision = 0.000423908 s
Working in 2D dimensions.
Computational cell is 29.75 x 0.025 x 0 with resolution 40
     block, center = (-7.8635,0,0)
          size (0.018,1e+20,0)
          axes (1,0,0), (0,1,0), (0,0,1)
          dielectric constant epsilon diagonal = (4.3681,4.3681,4.3681)
     block, center = (-7.831,0,0)
          size (0.047,1e+20,0)
          axes (1,0,0), (0,1,0), (0,0,1)
          dielectric constant epsilon diagonal = (2.1316,2.1316,2.1316)
     block, center = (-7.7295,0,0)
          size (0.156,1e+20,0)
          axes (1,0,0), (0,1,0), (0,0,1)
          dielectric constant epsilon diagonal = (4.3681,4.3681,4.3681)
     block, center = (-7.5455,0,0)
          size (0.212,1e+20,0)
          axes (1,0,0), (0,1,0), (0,0,1)
          dielectric constant epsilon diagonal = (2.1316,2.1316,2.1316)
     block, center = (-7.3505,0,0)
          size (0.178,1e+20,0)
          axes (1,0,0), (0,1,0), (0,0,1)
          dielectric constant epsilon diagonal = (4.3681,4.3681,4.3681)
     block, center = (-7.25,0,0)
          size (0.023,1e+20,0)
          axes (1,0,0), (0,1,0), (0,0,1)
          dielectric constant epsilon diagonal = (2.1316,2.1316,2.1316)
     block, center = (-7.213,0,0)
          size (0.051,1e+20,0)
          axes (1,0,0), (0,1,0), (0,0,1)
          dielectric constant epsilon diagonal = (4.3681,4.3681,4.3681)
     block, center = (-7.0755,0,0)
          size (0.224,1e+20,0)
          axes (1,0,0), (0,1,0), (0,0,1)
          dielectric constant epsilon diagonal = (2.1316,2.1316,2.1316)
     block, center = (-6.8885,0,0)
          size (0.15,1e+20,0)
          axes (1,0,0), (0,1,0), (0,0,1)
          dielectric constant epsilon diagonal = (4.3681,4.3681,4.3681)
     block, center = (-6.711,0,0)
          size (0.205,1e+20,0)
          axes (1,0,0), (0,1,0), (0,0,1)
          dielectric constant epsilon diagonal = (2.1316,2.1316,2.1316)
     ...(+ 80 objects not shown)...
time for set_epsilon = 0.00485897 s
-----------
Meep: using complex fields.
field decay(t = 22.512500000000003): 0.2832140402522736 / 0.2832140402522736 = 1.0
field decay(t = 45.025000000000006): 0.008923815411394694 / 0.2832140402522736 = 0.03150908550806939
field decay(t = 67.53750000000001): 0.005060631359240214 / 0.2832140402522736 = 0.017868575141022122
field decay(t = 90.05000000000001): 0.001001478043659128 / 0.2832140402522736 = 0.003536117216388916
field decay(t = 112.5625): 0.0005438707552544371 / 0.2832140402522736 = 0.0019203523764922915
field decay(t = 135.07500000000002): 0.00020062468405393738 / 0.2832140402522736 = 0.0007083853748042663
field decay(t = 157.5875): 0.0002631302139743845 / 0.2832140402522736 = 0.0009290860500418717
field decay(t = 180.10000000000002): 0.00015043601907020879 / 0.2832140402522736 = 0.0005311742981958364
field decay(t = 202.6125): 0.00019743475494867993 / 0.2832140402522736 = 0.0006971220592482437
field decay(t = 225.125): 6.534759492063752e-05 / 0.2832140402522736 = 0.00023073571798357521
field decay(t = 247.63750000000002): 2.9990756442647916e-05 / 0.2832140402522736 = 0.00010589431377036809
field decay(t = 270.1375): 2.4557210378314662e-05 / 0.2832140402522736 = 8.670901469588254e-05
field decay(t = 292.65000000000003): 2.2638144731223648e-05 / 0.2832140402522736 = 7.99329888838091e-05
field decay(t = 315.1625): 1.68857669388924e-05 / 0.2832140402522736 = 5.962192737284975e-05
field decay(t = 337.675): 9.960096136443388e-06 / 0.2832140402522736 = 3.5168087456297744e-05
field decay(t = 360.1875): 1.0005717816299093e-05 / 0.2832140402522736 = 3.532917297245036e-05
field decay(t = 382.70000000000005): 6.636083994328603e-06 / 0.2832140402522736 = 2.3431338320718476e-05
field decay(t = 405.21250000000003): 7.118370704950173e-06 / 0.2832140402522736 = 2.5134243692895545e-05
field decay(t = 427.725): 4.9090195910419725e-06 / 0.2832140402522736 = 1.733324939211789e-05
field decay(t = 450.2375): 3.305237124546262e-06 / 0.2832140402522736 = 1.1670456456191628e-05
field decay(t = 472.75): 2.3273482790335426e-06 / 0.2832140402522736 = 8.217630301663193e-06
field decay(t = 495.26250000000005): 2.4900772458977567e-06 / 0.2832140402522736 = 8.7922097494874e-06
field decay(t = 517.775): 1.3100692638665663e-06 / 0.2832140402522736 = 4.62572146034716e-06
field decay(t = 540.2875): 1.2445373844258634e-06 / 0.2832140402522736 = 4.3943350524475715e-06
field decay(t = 562.8000000000001): 1.3316556605052617e-06 / 0.2832140402522736 = 4.7019408335797416e-06
field decay(t = 585.3125): 8.523511838195421e-07 / 0.2832140402522736 = 3.0095654264185077e-06
field decay(t = 607.825): 1.2004261384931866e-06 / 0.2832140402522736 = 4.238582725008633e-06
field decay(t = 630.3375000000001): 8.567379616070758e-07 / 0.2832140402522736 = 3.025054693065126e-06
field decay(t = 652.85): 6.701533598562699e-07 / 0.2832140402522736 = 2.3662434223223156e-06
field decay(t = 675.3625000000001): 5.823492245183481e-07 / 0.2832140402522736 = 2.056215941835437e-06
field decay(t = 697.875): 5.077114582578307e-07 / 0.2832140402522736 = 1.7926775727841227e-06
on time step 55832 (time=697.9), 7.1644e-05 s/step
field decay(t = 720.3875): 3.96810613637261e-07 / 0.2832140402522736 = 1.40109795857508e-06
field decay(t = 742.9000000000001): 3.545632896206572e-07 / 0.2832140402522736 = 1.2519269500369016e-06
field decay(t = 765.4125): 3.601180969549174e-07 / 0.2832140402522736 = 1.2715404103346761e-06
field decay(t = 787.9250000000001): 2.682891703929341e-07 / 0.2832140402522736 = 9.473018009769392e-07
run 0 finished at t = 787.9250000000001 (63034 timesteps)

Elapsed run time = 14.1493 s
