Warning: grid volume is not an integer number of pixels; cell size will be rounded to nearest pixel.
Using MPI version 3.1, 3 processes
-----------
Initializing structure...
Splitting into 3 chunks by voxels
time for choose_chunkdivision = 0.000111103 s
Working in 2D dimensions.
Computational cell is 29.75 x 0.025 x 0 with resolution 40
time for set_epsilon = 0.00167489 s
-----------
Warning: grid volume is not an integer number of pixels; cell size will be rounded to nearest pixel.
Meep: using complex fields.
field decay(t = 22.512500000000003): 0.4188017435667414 / 0.4188017435667414 = 1.0
field decay(t = 45.025000000000006): 0.0017818836818317288 / 0.4188017435667414 = 0.0042547188716461565
field decay(t = 67.53750000000001): 0.0008203990259112068 / 0.4188017435667414 = 0.0019589197956155734
field decay(t = 90.05000000000001): 0.0005334421573074974 / 0.4188017435667414 = 0.0012737343277619058
field decay(t = 112.5625): 0.0003937610754018429 / 0.4188017435667414 = 0.0009402087776625793
field decay(t = 135.07500000000002): 0.0003145693467313113 / 0.4188017435667414 = 0.0007511175671148577
field decay(t = 157.5875): 0.0002698004860889249 / 0.4188017435667414 = 0.0006442200641075621
field decay(t = 180.10000000000002): 0.00021277988852157754 / 0.4188017435667414 = 0.0005080682967301648
field decay(t = 202.6125): 0.00021938300399833066 / 0.4188017435667414 = 0.0005238349824667557
field decay(t = 225.125): 0.00022228224552605998 / 0.4188017435667414 = 0.0005307576889078459
field decay(t = 247.63750000000002): 0.00019766983774074253 / 0.4188017435667414 = 0.00047198905156716793
field decay(t = 270.1375): 0.00012366631930739346 / 0.4188017435667414 = 0.0002952860660373198
field decay(t = 292.65000000000003): 6.852537158881923e-05 / 0.4188017435667414 = 0.00016362246012927318
field decay(t = 315.1625): 8.932804404501013e-05 / 0.4188017435667414 = 0.00021329434611289905
field decay(t = 337.675): 0.00013253918232872635 / 0.4188017435667414 = 0.0003164723747326151
field decay(t = 360.1875): 0.00016910961588937807 / 0.4188017435667414 = 0.0004037939633420564
field decay(t = 382.70000000000005): 0.00019554265182854694 / 0.4188017435667414 = 0.00046690983223517726
field decay(t = 405.21250000000003): 0.00021134149186318542 / 0.4188017435667414 = 0.0005046337440319311
field decay(t = 427.725): 0.00021356686667704924 / 0.4188017435667414 = 0.0005099474153526647
field decay(t = 450.2375): 0.00021146386197206068 / 0.4188017435667414 = 0.0005049259350525155
field decay(t = 472.75): 0.00019639774517943285 / 0.4188017435667414 = 0.0004689515939136351
field decay(t = 495.26250000000005): 0.00017419307260054887 / 0.4188017435667414 = 0.00041593206159321776
field decay(t = 517.775): 0.0001525482641748235 / 0.4188017435667414 = 0.0003642493531083234
field decay(t = 540.2875): 0.00013433150372385723 / 0.4188017435667414 = 0.0003207520164071375
field decay(t = 562.8000000000001): 0.00011820677620300709 / 0.4188017435667414 = 0.0002822499619898773
field decay(t = 585.3125): 0.00010161434413597072 / 0.4188017435667414 = 0.00024263113918907833
field decay(t = 607.825): 8.361521426967591e-05 / 0.4188017435667414 = 0.00019965345310543286
field decay(t = 630.3375000000001): 6.511281535430555e-05 / 0.4188017435667414 = 0.00015547407897533979
field decay(t = 652.85): 4.7566826358344205e-05 / 0.4188017435667414 = 0.00011357838664481068
field decay(t = 675.3625000000001): 3.224127165682537e-05 / 0.4188017435667414 = 7.698456883737237e-05
field decay(t = 697.875): 2.003253191370059e-05 / 0.4188017435667414 = 4.7832971618247696e-05
field decay(t = 720.3875): 1.1309901718288658e-05 / 0.4188017435667414 = 2.700538355444139e-05
field decay(t = 742.9000000000001): 5.807147928169305e-06 / 0.4188017435667414 = 1.3866102558963826e-05
field decay(t = 765.4125): 2.7680077946765033e-06 / 0.4188017435667414 = 6.609351171995267e-06
field decay(t = 787.9250000000001): 1.2902377211631228e-06 / 0.4188017435667414 = 3.0807840248580696e-06
field decay(t = 810.4375): 6.42234376904697e-07 / 0.4188017435667414 = 1.5335045442625976e-06
field decay(t = 832.95): 3.7967211654570935e-07 / 0.4188017435667414 = 9.065676597050838e-07
run 0 finished at t = 832.95 (66636 timesteps)
-----------
Initializing structure...
Splitting into 3 chunks by voxels
time for choose_chunkdivision = 0.000313044 s
Working in 2D dimensions.
Computational cell is 29.75 x 0.025 x 0 with resolution 40
     block, center = (-7.8635,0,0)
          size (0.018,1e+20,0)
          axes (1,0,0), (0,1,0), (0,0,1)
          dielectric constant epsilon diagonal = (4.3681,4.3681,4.3681)
     block, center = (-7.831,0,0)
          size (0.047,1e+20,0)
          axes (1,0,0), (0,1,0), (0,0,1)
          dielectric constant epsilon diagonal = (2.1316,2.1316,2.1316)
     block, center = (-7.7295,0,0)
          size (0.156,1e+20,0)
          axes (1,0,0), (0,1,0), (0,0,1)
          dielectric constant epsilon diagonal = (4.3681,4.3681,4.3681)
     block, center = (-7.5455,0,0)
          size (0.212,1e+20,0)
          axes (1,0,0), (0,1,0), (0,0,1)
          dielectric constant epsilon diagonal = (2.1316,2.1316,2.1316)
     block, center = (-7.3505,0,0)
          size (0.178,1e+20,0)
          axes (1,0,0), (0,1,0), (0,0,1)
          dielectric constant epsilon diagonal = (4.3681,4.3681,4.3681)
     block, center = (-7.25,0,0)
          size (0.023,1e+20,0)
          axes (1,0,0), (0,1,0), (0,0,1)
          dielectric constant epsilon diagonal = (2.1316,2.1316,2.1316)
     block, center = (-7.213,0,0)
          size (0.051,1e+20,0)
          axes (1,0,0), (0,1,0), (0,0,1)
          dielectric constant epsilon diagonal = (4.3681,4.3681,4.3681)
     block, center = (-7.0755,0,0)
          size (0.224,1e+20,0)
          axes (1,0,0), (0,1,0), (0,0,1)
          dielectric constant epsilon diagonal = (2.1316,2.1316,2.1316)
     block, center = (-6.8885,0,0)
          size (0.15,1e+20,0)
          axes (1,0,0), (0,1,0), (0,0,1)
          dielectric constant epsilon diagonal = (4.3681,4.3681,4.3681)
     block, center = (-6.711,0,0)
          size (0.205,1e+20,0)
          axes (1,0,0), (0,1,0), (0,0,1)
          dielectric constant epsilon diagonal = (2.1316,2.1316,2.1316)
     ...(+ 80 objects not shown)...
time for set_epsilon = 0.00516105 s
-----------
Meep: using complex fields.
field decay(t = 22.512500000000003): 0.4188017435667414 / 0.4188017435667414 = 1.0
field decay(t = 45.025000000000006): 0.02064583053443303 / 0.4188017435667414 = 0.04929738438670768
field decay(t = 67.53750000000001): 0.01837246023183096 / 0.4188017435667414 = 0.04386911113445036
field decay(t = 90.05000000000001): 0.012427530656726703 / 0.4188017435667414 = 0.029674018429071365
field decay(t = 112.5625): 0.003810225299072631 / 0.4188017435667414 = 0.00909792128997052
field decay(t = 135.07500000000002): 0.001844738954698954 / 0.4188017435667414 = 0.00440480247046768
field decay(t = 157.5875): 0.0016991766427270438 / 0.4188017435667414 = 0.004057233927098631
field decay(t = 180.10000000000002): 0.0011326500626775732 / 0.4188017435667414 = 0.0027045017841409035
field decay(t = 202.6125): 0.0006539198556300943 / 0.4188017435667414 = 0.001561406717319179
field decay(t = 225.125): 0.00041185758800136804 / 0.4188017435667414 = 0.000983418990794467
field decay(t = 247.63750000000002): 0.00043699039626104145 / 0.4188017435667414 = 0.0010434302219933368
field decay(t = 270.1375): 0.00021428409977758314 / 0.4188017435667414 = 0.0005116599991982465
field decay(t = 292.65000000000003): 0.0001946242946176608 / 0.4188017435667414 = 0.0004647170113479839
field decay(t = 315.1625): 0.00018337569321337106 / 0.4188017435667414 = 0.0004378579985165411
field decay(t = 337.675): 0.00011946376632450132 / 0.4188017435667414 = 0.00028525135857144124
field decay(t = 360.1875): 0.00016128732626380062 / 0.4188017435667414 = 0.0003851161766667703
field decay(t = 382.70000000000005): 0.0001104326611285125 / 0.4188017435667414 = 0.00026368720480485214
field decay(t = 405.21250000000003): 0.00012099879687706443 / 0.4188017435667414 = 0.0002889166502664804
field decay(t = 427.725): 0.00017503829930812608 / 0.4188017435667414 = 0.0004179502640495371
field decay(t = 450.2375): 0.00016118582971958427 / 0.4188017435667414 = 0.0003848738268060655
field decay(t = 472.75): 0.00011976033959244476 / 0.4188017435667414 = 0.00028595950573772965
field decay(t = 495.26250000000005): 0.00010786590582327614 / 0.4188017435667414 = 0.0002575583972135167
field decay(t = 517.775): 0.00010592854241193316 / 0.4188017435667414 = 0.0002529324293394497
field decay(t = 540.2875): 0.00010003423563317844 / 0.4188017435667414 = 0.00023885821195784184
field decay(t = 562.8000000000001): 0.00011672625096844871 / 0.4188017435667414 = 0.0002787148161665829
field decay(t = 585.3125): 0.00010138256622954113 / 0.4188017435667414 = 0.000242077708096706
field decay(t = 607.825): 8.22826074229504e-05 / 0.4188017435667414 = 0.0001964715015801686
field decay(t = 630.3375000000001): 6.898014364428575e-05 / 0.4188017435667414 = 0.00016470834876859314
field decay(t = 652.85): 6.6423343228074e-05 / 0.4188017435667414 = 0.0001586033111093975
field decay(t = 675.3625000000001): 4.389703290113992e-05 / 0.4188017435667414 = 0.00010481578354304145
field decay(t = 697.875): 6.461351364740579e-05 / 0.4188017435667414 = 0.00015428186400830686
field decay(t = 720.3875): 5.2874543214865534e-05 / 0.4188017435667414 = 0.0001262519653441684
field decay(t = 742.9000000000001): 5.0469189002370836e-05 / 0.4188017435667414 = 0.0001205085455770743
field decay(t = 765.4125): 5.056996403728355e-05 / 0.4188017435667414 = 0.00012074917264336696
field decay(t = 787.9250000000001): 3.990192711147263e-05 / 0.4188017435667414 = 9.527641115255708e-05
on time step 64424 (time=805.3), 6.20895e-05 s/step
field decay(t = 810.4375): 2.7798262690830165e-05 / 0.4188017435667414 = 6.637570907438249e-05
field decay(t = 832.95): 2.951706730161232e-05 / 0.4188017435667414 = 7.047980996981786e-05
field decay(t = 855.4625000000001): 2.9322087255661014e-05 / 0.4188017435667414 = 7.001424350801006e-05
field decay(t = 877.975): 2.7738136061658266e-05 / 0.4188017435667414 = 6.623214083452793e-05
field decay(t = 900.4875000000001): 2.549439012803769e-05 / 0.4188017435667414 = 6.0874603603398885e-05
field decay(t = 923.0): 2.4424330933967403e-05 / 0.4188017435667414 = 5.8319554082933454e-05
field decay(t = 945.5125): 2.0229856595777233e-05 / 0.4188017435667414 = 4.8304136519320266e-05
field decay(t = 968.0250000000001): 1.8411329511347997e-05 / 0.4188017435667414 = 4.396192182617768e-05
field decay(t = 990.5375): 2.051626984800063e-05 / 0.4188017435667414 = 4.8988023959196104e-05
field decay(t = 1013.0500000000001): 2.072580978385038e-05 / 0.4188017435667414 = 4.948835601145834e-05
field decay(t = 1035.55): 1.803494407504257e-05 / 0.4188017435667414 = 4.306320198537682e-05
field decay(t = 1058.0625): 1.5053156305594203e-05 / 0.4188017435667414 = 3.594339454605277e-05
field decay(t = 1080.575): 1.9217224722161516e-05 / 0.4188017435667414 = 4.588620992476601e-05
field decay(t = 1103.0875): 1.8749466259592092e-05 / 0.4188017435667414 = 4.476931280159326e-05
field decay(t = 1125.6000000000001): 1.2380617473417363e-05 / 0.4188017435667414 = 2.9562000788194795e-05
field decay(t = 1148.1125): 1.4174488325837732e-05 / 0.4188017435667414 = 3.384534220206475e-05
field decay(t = 1170.625): 1.2277248941989879e-05 / 0.4188017435667414 = 2.9315181062595892e-05
field decay(t = 1193.1375): 1.0461074325110233e-05 / 0.4188017435667414 = 2.4978583508316098e-05
field decay(t = 1215.65): 1.1586381160192971e-05 / 0.4188017435667414 = 2.7665551393165424e-05
field decay(t = 1238.1625000000001): 1.4173204900537673e-05 / 0.4188017435667414 = 3.384227768449821e-05
field decay(t = 1260.6750000000002): 1.3410455558361329e-05 / 0.4188017435667414 = 3.202101176597466e-05
field decay(t = 1283.1875): 1.3095034712590123e-05 / 0.4188017435667414 = 3.126786101955008e-05
field decay(t = 1305.7): 9.77487174777304e-06 / 0.4188017435667414 = 2.3340093249194628e-05
field decay(t = 1328.2125): 8.177334255552453e-06 / 0.4188017435667414 = 1.9525549693059697e-05
field decay(t = 1350.7250000000001): 4.764444922823288e-06 / 0.4188017435667414 = 1.1376373178981317e-05
field decay(t = 1373.2375000000002): 8.000122495189869e-06 / 0.4188017435667414 = 1.910240971552915e-05
field decay(t = 1395.75): 8.863010473249073e-06 / 0.4188017435667414 = 2.116278312923652e-05
field decay(t = 1418.2625): 5.167870141708114e-06 / 0.4188017435667414 = 1.233965765685631e-05
field decay(t = 1440.775): 8.160636756492089e-06 / 0.4188017435667414 = 1.948567999500601e-05
field decay(t = 1463.2875000000001): 5.537437075907584e-06 / 0.4188017435667414 = 1.3222096519340597e-05
field decay(t = 1485.8000000000002): 3.047110590744462e-06 / 0.4188017435667414 = 7.27578296306416e-06
field decay(t = 1508.3125): 6.617829125345815e-06 / 0.4188017435667414 = 1.580181846662054e-05
field decay(t = 1530.825): 6.576751395531904e-06 / 0.4188017435667414 = 1.570373451533593e-05
field decay(t = 1553.3375): 4.756982156128778e-06 / 0.4188017435667414 = 1.135855384845286e-05
field decay(t = 1575.8500000000001): 4.282254850526043e-06 / 0.4188017435667414 = 1.0225016768211261e-05
field decay(t = 1598.3625000000002): 4.098147648554403e-06 / 0.4188017435667414 = 9.785412098938197e-06
on time step 128509 (time=1606.36), 6.24177e-05 s/step
field decay(t = 1620.875): 3.2878949435887983e-06 / 0.4188017435667414 = 7.850719329836865e-06
field decay(t = 1643.3875): 3.6517077648171377e-06 / 0.4188017435667414 = 8.719418724757987e-06
field decay(t = 1665.9): 4.721374311646898e-06 / 0.4188017435667414 = 1.1273530696021295e-05
field decay(t = 1688.4125000000001): 4.431609665459693e-06 / 0.4188017435667414 = 1.0581640916099624e-05
field decay(t = 1710.9250000000002): 3.1395974488103408e-06 / 0.4188017435667414 = 7.496619813642218e-06
field decay(t = 1733.4375): 2.438393988144867e-06 / 0.4188017435667414 = 5.822310975542244e-06
field decay(t = 1755.95): 2.6048719054964497e-06 / 0.4188017435667414 = 6.219821062137795e-06
field decay(t = 1778.4625): 2.357530195459183e-06 / 0.4188017435667414 = 5.629227269641204e-06
field decay(t = 1800.9750000000001): 2.3218321312717592e-06 / 0.4188017435667414 = 5.543988693785716e-06
field decay(t = 1823.4875000000002): 2.835787670714384e-06 / 0.4188017435667414 = 6.7711935641988685e-06
field decay(t = 1846.0): 2.7046095760046328e-06 / 0.4188017435667414 = 6.457971146372792e-06
field decay(t = 1868.5125): 1.8642703012224315e-06 / 0.4188017435667414 = 4.451438729326437e-06
field decay(t = 1891.025): 1.6408399933492113e-06 / 0.4188017435667414 = 3.9179397377263365e-06
field decay(t = 1913.5375000000001): 1.856755620459333e-06 / 0.4188017435667414 = 4.4334954402199986e-06
field decay(t = 1936.0500000000002): 1.8100606010776625e-06 / 0.4188017435667414 = 4.3219987234585294e-06
field decay(t = 1958.5625): 1.7878522916872638e-06 / 0.4188017435667414 = 4.268970507288127e-06
field decay(t = 1981.075): 1.5135512844395045e-06 / 0.4188017435667414 = 3.6140042578363833e-06
field decay(t = 2003.5875): 1.4650971279239673e-06 / 0.4188017435667414 = 3.4983071356064817e-06
field decay(t = 2026.1000000000001): 1.3451778702240851e-06 / 0.4188017435667414 = 3.2119681708290545e-06
field decay(t = 2048.6): 1.3286125844186272e-06 / 0.4188017435667414 = 3.17241416691212e-06
field decay(t = 2071.1125): 1.338556484501364e-06 / 0.4188017435667414 = 3.1961578600449355e-06
field decay(t = 2093.625): 1.1484894928284974e-06 / 0.4188017435667414 = 2.7423226155825947e-06
field decay(t = 2116.1375000000003): 1.1841368280269185e-06 / 0.4188017435667414 = 2.827440062551247e-06
field decay(t = 2138.65): 9.450947052442598e-07 / 0.4188017435667414 = 2.2566637311376113e-06
field decay(t = 2161.1625): 8.1671254663591e-07 / 0.4188017435667414 = 1.950117350707153e-06
field decay(t = 2183.675): 1.0865850609515665e-06 / 0.4188017435667414 = 2.594509401268539e-06
field decay(t = 2206.1875): 9.680945741589475e-07 / 0.4188017435667414 = 2.3115820051610395e-06
field decay(t = 2228.7000000000003): 6.310398378942506e-07 / 0.4188017435667414 = 1.506774619704243e-06
field decay(t = 2251.2125): 7.978755796170561e-07 / 0.4188017435667414 = 1.9051391066854633e-06
field decay(t = 2273.725): 8.718871659690972e-07 / 0.4188017435667414 = 2.0818613565063893e-06
field decay(t = 2296.2375): 7.322040419480903e-07 / 0.4188017435667414 = 1.7483309303162065e-06
field decay(t = 2318.75): 5.30667513925684e-07 / 0.4188017435667414 = 1.2671091323694917e-06
field decay(t = 2341.2625000000003): 7.269440780257716e-07 / 0.4188017435667414 = 1.7357713743852258e-06
field decay(t = 2363.775): 7.254134473121181e-07 / 0.4188017435667414 = 1.732116588470015e-06
field decay(t = 2386.2875): 4.762010280437573e-07 / 0.4188017435667414 = 1.137055982594945e-06
on time step 192588 (time=2407.35), 6.2423e-05 s/step
field decay(t = 2408.8): 5.424858797318442e-07 / 0.4188017435667414 = 1.29532860850039e-06
field decay(t = 2431.3125): 5.607483787048015e-07 / 0.4188017435667414 = 1.338935158027677e-06
field decay(t = 2453.8250000000003): 4.4703442930563164e-07 / 0.4188017435667414 = 1.067413009073089e-06
field decay(t = 2476.3375): 5.039987624807046e-07 / 0.4188017435667414 = 1.203430430323378e-06
field decay(t = 2498.8500000000004): 5.254740923220697e-07 / 0.4188017435667414 = 1.2547084638350573e-06
field decay(t = 2521.3625): 4.991708928221445e-07 / 0.4188017435667414 = 1.191902613802264e-06
field decay(t = 2543.875): 5.006640045133379e-07 / 0.4188017435667414 = 1.1954678131218208e-06
field decay(t = 2566.3875000000003): 3.646122978959858e-07 / 0.4188017435667414 = 8.706083570492112e-07
run 0 finished at t = 2566.3875000000003 (205311 timesteps)

Elapsed run time = 16.9773 s
