Warning: grid volume is not an integer number of pixels; cell size will be rounded to nearest pixel.
Using MPI version 3.1, 96 processes
-----------
Initializing structure...
Splitting into 3 chunks by voxels
time for choose_chunkdivision = 0.00840282 s
Working in 2D dimensions.
Computational cell is 29.75 x 0.025 x 0 with resolution 40
time for set_epsilon = 0.000938892 s
-----------
Meep: using complex fields.
field decay(t = 22.512500000000003): 0.4145982320517806 / 0.4145982320517806 = 1.0
field decay(t = 45.025000000000006): 0.0014322805994407073 / 0.4145982320517806 = 0.0034546230270992204
field decay(t = 67.53750000000001): 0.0006594579379013895 / 0.4145982320517806 = 0.0015905951519326004
field decay(t = 90.05000000000001): 0.0004285793486877723 / 0.4145982320517806 = 0.001033722084551112
field decay(t = 112.5625): 0.0003195986084476927 / 0.4145982320517806 = 0.0007708634136379456
field decay(t = 135.07500000000002): 0.00025423415803063463 / 0.4145982320517806 = 0.000613206083326671
field decay(t = 157.5875): 0.00020155817471867484 / 0.4145982320517806 = 0.0004861530009937465
field decay(t = 180.10000000000002): 0.00019369409878306596 / 0.4145982320517806 = 0.00046718505726496887
field decay(t = 202.6125): 0.00016471590379552256 / 0.4145982320517806 = 0.000397290415302472
field decay(t = 225.125): 0.00010835004355142599 / 0.4145982320517806 = 0.0002613374471357943
field decay(t = 247.63750000000002): 0.000147663946476979 / 0.4145982320517806 = 0.0003561615440235084
field decay(t = 270.1375): 0.00016933082255745266 / 0.4145982320517806 = 0.0004084214776301901
field decay(t = 292.65000000000003): 0.00016960243707251935 / 0.4145982320517806 = 0.0004090766046762523
field decay(t = 315.1625): 0.00015640610267596234 / 0.4145982320517806 = 0.000377247394186737
field decay(t = 337.675): 0.00012123871999409486 / 0.4145982320517806 = 0.00029242459475551486
field decay(t = 360.1875): 8.117389797358245e-05 / 0.4145982320517806 = 0.0001957893008174824
field decay(t = 382.70000000000005): 4.581595508524352e-05 / 0.4145982320517806 = 0.00011050687519458937
field decay(t = 405.21250000000003): 2.337095972319367e-05 / 0.4145982320517806 = 5.6370138404919176e-05
field decay(t = 427.725): 1.4313765407811576e-05 / 0.4145982320517806 = 3.452442461458418e-05
field decay(t = 450.2375): 2.0135565497281895e-05 / 0.4145982320517806 = 4.856645287085328e-05
field decay(t = 472.75): 3.288871430677518e-05 / 0.4145982320517806 = 7.932671141411813e-05
field decay(t = 495.26250000000005): 5.059462428204253e-05 / 0.4145982320517806 = 0.00012203289925202477
field decay(t = 517.775): 6.937470415251683e-05 / 0.4145982320517806 = 0.00016732995654417644
field decay(t = 540.2875): 8.554821049407778e-05 / 0.4145982320517806 = 0.0002063400272372444
field decay(t = 562.8000000000001): 9.724822801743702e-05 / 0.4145982320517806 = 0.00023456016089642021
field decay(t = 585.3125): 0.00010477058289102137 / 0.4145982320517806 = 0.0002527038824370486
on time step 47094 (time=588.675), 8.49386e-05 s/step
field decay(t = 607.825): 0.00011010214345501497 / 0.4145982320517806 = 0.00026556346588874004
field decay(t = 630.3375000000001): 0.00011551215297607604 / 0.4145982320517806 = 0.0002786122661556582
field decay(t = 652.85): 0.00012223420572121573 / 0.4145982320517806 = 0.0002948256800717604
field decay(t = 675.3625000000001): 0.00013028759311665614 / 0.4145982320517806 = 0.0003142502380482512
field decay(t = 697.875): 0.0001391215814994457 / 0.4145982320517806 = 0.0003355575850165959
field decay(t = 720.3875): 0.00014811444521664285 / 0.4145982320517806 = 0.00035724813510093386
field decay(t = 742.9000000000001): 0.0001566082451420291 / 0.4145982320517806 = 0.0003777349564830507
field decay(t = 765.4125): 0.0001638249515224446 / 0.4145982320517806 = 0.00039514146192013653
field decay(t = 787.9250000000001): 0.00016890809042583344 / 0.4145982320517806 = 0.00040740185887897835
field decay(t = 810.4375): 0.0001711110967832954 / 0.4145982320517806 = 0.0004127154521052679
field decay(t = 832.95): 0.0001711652673343381 / 0.4145982320517806 = 0.0004128461100455457
field decay(t = 855.4625000000001): 0.00017005872538566509 / 0.4145982320517806 = 0.0004101771600522066
field decay(t = 877.975): 0.0001659064216813189 / 0.4145982320517806 = 0.0004001619130411494
field decay(t = 900.4875000000001): 0.00015927918395324645 / 0.4145982320517806 = 0.00038417719044531173
field decay(t = 923.0): 0.00015103215197238777 / 0.4145982320517806 = 0.0003642855668364858
field decay(t = 945.5125): 0.00014199742296278328 / 0.4145982320517806 = 0.0003424940387711271
field decay(t = 968.0250000000001): 0.00013281961306889567 / 0.4145982320517806 = 0.00032035740338687063
field decay(t = 990.5375): 0.00012392137696473857 / 0.4145982320517806 = 0.0002988950926092266
field decay(t = 1013.0500000000001): 0.00011553354929973895 / 0.4145982320517806 = 0.00027866387352396997
field decay(t = 1035.55): 0.00010773990100420288 / 0.4145982320517806 = 0.00025986579940540333
field decay(t = 1058.0625): 0.00010053217444469653 / 0.4145982320517806 = 0.00024248095305949284
field decay(t = 1080.575): 9.383548540302127e-05 / 0.4145982320517806 = 0.00022632871572713758
field decay(t = 1103.0875): 8.758429788425527e-05 / 0.4145982320517806 = 0.00021125101631720554
field decay(t = 1125.6000000000001): 8.174493220280493e-05 / 0.4145982320517806 = 0.00019716662031640195
field decay(t = 1148.1125): 7.63542310969697e-05 / 0.4145982320517806 = 0.00018416439143771734
field decay(t = 1170.625): 7.151567916124524e-05 / 0.4145982320517806 = 0.0001724939317934993
field decay(t = 1193.1375): 6.736708321358417e-05 / 0.4145982320517806 = 0.00016248762779376847
on time step 96093 (time=1201.16), 8.16352e-05 s/step
field decay(t = 1215.65): 6.404583972461313e-05 / 0.4145982320517806 = 0.00015447687610161884
field decay(t = 1238.1625000000001): 6.164977550555305e-05 / 0.4145982320517806 = 0.00014869763240537263
field decay(t = 1260.6750000000002): 6.021281590122619e-05 / 0.4145982320517806 = 0.00014523172374190444
field decay(t = 1283.1875): 6.003572807172451e-05 / 0.4145982320517806 = 0.00014480459256812855
field decay(t = 1305.7): 6.107246184088058e-05 / 0.4145982320517806 = 0.00014730516707377812
field decay(t = 1328.2125): 6.265880649379988e-05 / 0.4145982320517806 = 0.00015113138853417544
field decay(t = 1350.7250000000001): 6.463369540327152e-05 / 0.4145982320517806 = 0.00015589476849288446
field decay(t = 1373.2375000000002): 6.684577680353251e-05 / 0.4145982320517806 = 0.0001612302504830361
field decay(t = 1395.75): 6.916713527176217e-05 / 0.4145982320517806 = 0.00016682930587876615
field decay(t = 1418.2625): 7.149723103960272e-05 / 0.4145982320517806 = 0.00017244943541069703
field decay(t = 1440.775): 7.375834930469615e-05 / 0.4145982320517806 = 0.00017790319302539673
field decay(t = 1463.2875000000001): 7.58911260847704e-05 / 0.4145982320517806 = 0.0001830473943634475
field decay(t = 1485.8000000000002): 7.784853000827374e-05 / 0.4145982320517806 = 0.00018776860099719618
field decay(t = 1508.3125): 7.958825860728704e-05 / 0.4145982320517806 = 0.00019196478048981886
field decay(t = 1530.825): 8.107018742572428e-05 / 0.4145982320517806 = 0.00019553915371158445
field decay(t = 1553.3375): 8.225697787282492e-05 / 0.4145982320517806 = 0.00019840166096644514
field decay(t = 1575.8500000000001): 8.311472661536227e-05 / 0.4145982320517806 = 0.00020047052830891423
field decay(t = 1598.3625000000002): 8.361692898627116e-05 / 0.4145982320517806 = 0.00020168182718113462
field decay(t = 1620.875): 8.375324058005665e-05 / 0.4145982320517806 = 0.0002020106071499032
field decay(t = 1643.3875): 8.374892402313527e-05 / 0.4145982320517806 = 0.0002020001957284651
field decay(t = 1665.9): 8.350737765875994e-05 / 0.4145982320517806 = 0.00020141759226877362
field decay(t = 1688.4125000000001): 8.290499169320266e-05 / 0.4145982320517806 = 0.00019996465320876807
field decay(t = 1710.9250000000002): 8.196765214258379e-05 / 0.4145982320517806 = 0.00019770381493654457
field decay(t = 1733.4375): 8.073355621066875e-05 / 0.4145982320517806 = 0.00019472720810007136
field decay(t = 1755.95): 7.924880578575069e-05 / 0.4145982320517806 = 0.0001911460292378985
field decay(t = 1778.4625): 7.75649562796459e-05 / 0.4145982320517806 = 0.00018708462864346838
field decay(t = 1800.9750000000001): 7.573490667193687e-05 / 0.4145982320517806 = 0.00018267059726023648
field decay(t = 1823.4875000000002): 7.380902430338714e-05 / 0.4145982320517806 = 0.00017802541978560315
on time step 146314 (time=1828.93), 7.96486e-05 s/step
field decay(t = 1846.0): 7.18351319324383e-05 / 0.4145982320517806 = 0.00017326444345152578
field decay(t = 1868.5125): 6.98568188207762e-05 / 0.4145982320517806 = 0.00016849280440745234
field decay(t = 1891.025): 6.791140908824401e-05 / 0.4145982320517806 = 0.0001638005274459596
field decay(t = 1913.5375000000001): 6.603113129769051e-05 / 0.4145982320517806 = 0.0001592653470105576
field decay(t = 1936.0500000000002): 6.424433914652662e-05 / 0.4145982320517806 = 0.0001549556514715261
field decay(t = 1958.5625): 6.257432942244649e-05 / 0.4145982320517806 = 0.00015092763206629248
field decay(t = 1981.075): 6.104020044599583e-05 / 0.4145982320517806 = 0.00014722735344026338
field decay(t = 2003.5875): 5.965717368990389e-05 / 0.4145982320517806 = 0.00014389152938417042
field decay(t = 2026.1000000000001): 5.843486358179769e-05 / 0.4145982320517806 = 0.00014094334964385367
field decay(t = 2048.6): 5.737806769235226e-05 / 0.4145982320517806 = 0.0001383943858332375
field decay(t = 2071.1125): 5.648777278962596e-05 / 0.4145982320517806 = 0.00013624701801085107
field decay(t = 2093.625): 5.575946983759322e-05 / 0.4145982320517806 = 0.0001344903705007339
field decay(t = 2116.1375000000003): 5.51836800184472e-05 / 0.4145982320517806 = 0.0001331015806443553
field decay(t = 2138.65): 5.474775187489551e-05 / 0.4145982320517806 = 0.00013205013346042892
field decay(t = 2161.1625): 5.443580059062236e-05 / 0.4145982320517806 = 0.00013129771519098925
field decay(t = 2183.675): 5.422973714346918e-05 / 0.4145982320517806 = 0.00013080069559171745
field decay(t = 2206.1875): 5.411022482546868e-05 / 0.4145982320517806 = 0.0001305124350330338
field decay(t = 2228.7000000000003): 5.405659125233271e-05 / 0.4145982320517806 = 0.00013038307226930336
field decay(t = 2251.2125): 5.406841993170663e-05 / 0.4145982320517806 = 0.0001304116027319524
field decay(t = 2273.725): 5.409663291072779e-05 / 0.4145982320517806 = 0.00013047965169318783
field decay(t = 2296.2375): 5.411799425383075e-05 / 0.4145982320517806 = 0.00013053117468931168
field decay(t = 2318.75): 5.4121371889070326e-05 / 0.4145982320517806 = 0.00013053932145641885
field decay(t = 2341.2625000000003): 5.411758278610694e-05 / 0.4145982320517806 = 0.00013053018224001497
field decay(t = 2363.775): 5.4083203792230504e-05 / 0.4145982320517806 = 0.0001304472610135874
field decay(t = 2386.2875): 5.400506639203679e-05 / 0.4145982320517806 = 0.00013025879566532235
field decay(t = 2408.8): 5.387519440531641e-05 / 0.4145982320517806 = 0.00012994554785893963
field decay(t = 2431.3125): 5.368773567478163e-05 / 0.4145982320517806 = 0.00012949340234542144
field decay(t = 2453.8250000000003): 5.3439394496744856e-05 / 0.4145982320517806 = 0.00012889440997440295
on time step 196551 (time=2456.89), 7.96237e-05 s/step
field decay(t = 2476.3375): 5.31287634280116e-05 / 0.4145982320517806 = 0.00012814517603002264
field decay(t = 2498.8500000000004): 5.275666262637349e-05 / 0.4145982320517806 = 0.00012724767871124095
field decay(t = 2521.3625): 5.232538470884895e-05 / 0.4145982320517806 = 0.00012620744774983472
field decay(t = 2543.875): 5.183910292230216e-05 / 0.4145982320517806 = 0.00012503454890716418
field decay(t = 2566.3875000000003): 5.1303414059824e-05 / 0.4145982320517806 = 0.0001237424815005399
field decay(t = 2588.9): 5.072492836159957e-05 / 0.4145982320517806 = 0.00012234718925493236
field decay(t = 2611.4125000000004): 5.011045537382043e-05 / 0.4145982320517806 = 0.00012086509661614274
field decay(t = 2633.925): 4.94678753472607e-05 / 0.4145982320517806 = 0.00011931521054118361
field decay(t = 2656.4375): 4.880505424941164e-05 / 0.4145982320517806 = 0.0001177165035361661
field decay(t = 2678.9500000000003): 4.812971608408766e-05 / 0.4145982320517806 = 0.00011608760569455727
field decay(t = 2701.4625): 4.744992024688825e-05 / 0.4145982320517806 = 0.00011444795606596332
field decay(t = 2723.9750000000004): 4.677275115797539e-05 / 0.4145982320517806 = 0.00011281464208495173
field decay(t = 2746.4875): 4.6104071457558835e-05 / 0.4145982320517806 = 0.00011120180428507167
field decay(t = 2769.0): 4.544957136953048e-05 / 0.4145982320517806 = 0.00010962316733626141
field decay(t = 2791.5125000000003): 4.481423100879866e-05 / 0.4145982320517806 = 0.00010809074314432112
field decay(t = 2814.025): 4.4201740698234896e-05 / 0.4145982320517806 = 0.00010661343267067861
field decay(t = 2836.5375000000004): 4.36155448028617e-05 / 0.4145982320517806 = 0.00010519954363291739
field decay(t = 2859.05): 4.305763342079168e-05 / 0.4145982320517806 = 0.00010385387609519296
field decay(t = 2881.5625): 4.2529088568644476e-05 / 0.4145982320517806 = 0.00010257903985305194
field decay(t = 2904.0750000000003): 4.20298995580839e-05 / 0.4145982320517806 = 0.00010137500912650935
field decay(t = 2926.5875): 4.1559936788290894e-05 / 0.4145982320517806 = 0.00010024147132180807
field decay(t = 2949.1000000000004): 4.111797720866901e-05 / 0.4145982320517806 = 9.917547647316944e-05
field decay(t = 2971.6125): 4.070248083470848e-05 / 0.4145982320517806 = 9.81733101785755e-05
field decay(t = 2994.125): 4.031115382569531e-05 / 0.4145982320517806 = 9.722943975472794e-05
field decay(t = 3016.6375000000003): 3.994147268931718e-05 / 0.4145982320517806 = 9.633777860473065e-05
field decay(t = 3039.15): 3.959032768069883e-05 / 0.4145982320517806 = 9.549082610596916e-05
field decay(t = 3061.6625000000004): 3.925494143221996e-05 / 0.4145982320517806 = 9.468188332100094e-05
field decay(t = 3084.175): 3.893221879057968e-05 / 0.4145982320517806 = 9.390348482170397e-05
on time step 246757 (time=3084.46), 7.96721e-05 s/step
field decay(t = 3106.6875): 3.8619140610643664e-05 / 0.4145982320517806 = 9.314834850964918e-05
field decay(t = 3129.2000000000003): 3.831277795164578e-05 / 0.4145982320517806 = 9.240940985696429e-05
field decay(t = 3151.7125): 3.801044983906121e-05 / 0.4145982320517806 = 9.16802024238105e-05
field decay(t = 3174.2250000000004): 3.770948761183762e-05 / 0.4145982320517806 = 9.095428947011996e-05
field decay(t = 3196.7375): 3.740791680673099e-05 / 0.4145982320517806 = 9.022690864262776e-05
field decay(t = 3219.25): 3.7104074303522884e-05 / 0.4145982320517806 = 8.949404853923456e-05
field decay(t = 3241.7625000000003): 3.679617333512355e-05 / 0.4145982320517806 = 8.87513995248488e-05
field decay(t = 3264.275): 3.6483123276783444e-05 / 0.4145982320517806 = 8.799633104134159e-05
field decay(t = 3286.7875000000004): 3.6164083725474146e-05 / 0.4145982320517806 = 8.72268160587754e-05
field decay(t = 3309.3): 3.583842565941667e-05 / 0.4145982320517806 = 8.644133739321079e-05
field decay(t = 3331.8125): 3.550623034804949e-05 / 0.4145982320517806 = 8.564009106438977e-05
field decay(t = 3354.3250000000003): 3.516793151325505e-05 / 0.4145982320517806 = 8.482412319805263e-05
field decay(t = 3376.8375): 3.4823598847045386e-05 / 0.4145982320517806 = 8.399360188949418e-05
field decay(t = 3399.3500000000004): 3.4473666408261283e-05 / 0.4145982320517806 = 8.314957407718938e-05
field decay(t = 3421.8625): 3.411900950317709e-05 / 0.4145982320517806 = 8.229415097678432e-05
field decay(t = 3444.375): 3.376037886374562e-05 / 0.4145982320517806 = 8.142914333394738e-05
field decay(t = 3466.8875000000003): 3.339891460065714e-05 / 0.4145982320517806 = 8.055730106559122e-05
field decay(t = 3489.4): 3.303610140169162e-05 / 0.4145982320517806 = 7.968220519948003e-05
field decay(t = 3511.9125000000004): 3.2672843641028884e-05 / 0.4145982320517806 = 7.88060370622812e-05
field decay(t = 3534.425): 3.230983851910871e-05 / 0.4145982320517806 = 7.793047828306568e-05
field decay(t = 3556.9375): 3.1948123909548264e-05 / 0.4145982320517806 = 7.705803218562243e-05
field decay(t = 3579.4500000000003): 3.158860073182095e-05 / 0.4145982320517806 = 7.619087176395809e-05
field decay(t = 3601.9625): 3.123232835552371e-05 / 0.4145982320517806 = 7.533155218959784e-05
field decay(t = 3624.4750000000004): 3.088035291809241e-05 / 0.4145982320517806 = 7.448259671844345e-05
field decay(t = 3646.9875): 3.053324597361966e-05 / 0.4145982320517806 = 7.364538392389058e-05
field decay(t = 3669.5): 3.019126467110093e-05 / 0.4145982320517806 = 7.28205340425336e-05
field decay(t = 3692.0125000000003): 2.985465412005108e-05 / 0.4145982320517806 = 7.200863827205715e-05
on time step 296818 (time=3710.23), 7.99039e-05 s/step
field decay(t = 3714.525): 2.9523802023888225e-05 / 0.4145982320517806 = 7.121063174287945e-05
field decay(t = 3737.0375000000004): 2.919889002091024e-05 / 0.4145982320517806 = 7.042695256178393e-05
field decay(t = 3759.55): 2.8880297530424524e-05 / 0.4145982320517806 = 6.965851587813226e-05
field decay(t = 3782.0625): 2.856789186541914e-05 / 0.4145982320517806 = 6.890500165435148e-05
field decay(t = 3804.5750000000003): 2.8261271839544784e-05 / 0.4145982320517806 = 6.8165442239549e-05
field decay(t = 3827.0875): 2.796019861701572e-05 / 0.4145982320517806 = 6.743926156810932e-05
field decay(t = 3849.6000000000004): 2.766465491383752e-05 / 0.4145982320517806 = 6.672641795149379e-05
field decay(t = 3872.1125): 2.7374226358204173e-05 / 0.4145982320517806 = 6.602591193583603e-05
field decay(t = 3894.625): 2.7088535411825815e-05 / 0.4145982320517806 = 6.533683290873908e-05
field decay(t = 3917.1375000000003): 2.6807263654567765e-05 / 0.4145982320517806 = 6.465841284923694e-05
field decay(t = 3939.65): 2.6529840062324526e-05 / 0.4145982320517806 = 6.398927446224885e-05
field decay(t = 3962.1625000000004): 2.6255958642772408e-05 / 0.4145982320517806 = 6.332867970236113e-05
field decay(t = 3984.675): 2.598558813366058e-05 / 0.4145982320517806 = 6.267655316584937e-05
field decay(t = 4007.1875): 2.571826404087703e-05 / 0.4145982320517806 = 6.203177450516718e-05
field decay(t = 4029.7000000000003): 2.545342048476769e-05 / 0.4145982320517806 = 6.139297883351496e-05
field decay(t = 4052.2125): 2.5190808859328587e-05 / 0.4145982320517806 = 6.075956651976852e-05
field decay(t = 4074.7250000000004): 2.4930124661959765e-05 / 0.4145982320517806 = 6.0130803111688516e-05
field decay(t = 4097.2375): 2.4671198963703638e-05 / 0.4145982320517806 = 5.950628115708503e-05
field decay(t = 4119.75): 2.441417893913981e-05 / 0.4145982320517806 = 5.888635563716209e-05
field decay(t = 4142.2625): 2.4158880819974766e-05 / 0.4145982320517806 = 5.8270583307642954e-05
field decay(t = 4164.775000000001): 2.3904891414827553e-05 / 0.4145982320517806 = 5.7657967561815337e-05
field decay(t = 4187.2875): 2.3652176435652912e-05 / 0.4145982320517806 = 5.704842569781849e-05
field decay(t = 4209.8): 2.3400760908876698e-05 / 0.4145982320517806 = 5.644201807873145e-05
field decay(t = 4232.3125): 2.315059399983594e-05 / 0.4145982320517806 = 5.5838622092687994e-05
field decay(t = 4254.825): 2.290189407714192e-05 / 0.4145982320517806 = 5.523876443901869e-05
field decay(t = 4277.337500000001): 2.2654739036684318e-05 / 0.4145982320517806 = 5.4642633000554835e-05
field decay(t = 4299.85): 2.2408914281899104e-05 / 0.4145982320517806 = 5.4049710176044305e-05
field decay(t = 4322.3625): 2.2164520921236427e-05 / 0.4145982320517806 = 5.3460239836401966e-05
on time step 346862 (time=4335.78), 7.99308e-05 s/step
field decay(t = 4344.875): 2.1921813655872485e-05 / 0.4145982320517806 = 5.287483631414664e-05
field decay(t = 4367.3875): 2.1680780039051163e-05 / 0.4145982320517806 = 5.229346958803089e-05
field decay(t = 4389.900000000001): 2.144154109461118e-05 / 0.4145982320517806 = 5.17164315643615e-05
field decay(t = 4412.4125): 2.1204109736621783e-05 / 0.4145982320517806 = 5.114375339153286e-05
field decay(t = 4434.925): 2.096853510246378e-05 / 0.4145982320517806 = 5.057555358761141e-05
field decay(t = 4457.4375): 2.073489831920042e-05 / 0.4145982320517806 = 5.001202782893384e-05
field decay(t = 4479.95): 2.0503520164027655e-05 / 0.4145982320517806 = 4.945394982163576e-05
field decay(t = 4502.462500000001): 2.0274373187700814e-05 / 0.4145982320517806 = 4.890125335886304e-05
field decay(t = 4524.975): 2.0047337533572882e-05 / 0.4145982320517806 = 4.83536493495445e-05
field decay(t = 4547.4875): 1.9822491341922983e-05 / 0.4145982320517806 = 4.7811326265972315e-05
field decay(t = 4570.0): 1.9599814098823354e-05 / 0.4145982320517806 = 4.7274234629093804e-05
field decay(t = 4592.5125): 1.9379362558095842e-05 / 0.4145982320517806 = 4.674251132763028e-05
field decay(t = 4615.025000000001): 1.9161406696118838e-05 / 0.4145982320517806 = 4.621680753748536e-05
field decay(t = 4637.5375): 1.8945909702584362e-05 / 0.4145982320517806 = 4.5697034473167125e-05
field decay(t = 4660.05): 1.8732623245522495e-05 / 0.4145982320517806 = 4.51825931645143e-05
field decay(t = 4682.5625): 1.852157692780689e-05 / 0.4145982320517806 = 4.46735550128773e-05
field decay(t = 4705.075): 1.8312822178653227e-05 / 0.4145982320517806 = 4.417004406416783e-05
field decay(t = 4727.587500000001): 1.8106303639111727e-05 / 0.4145982320517806 = 4.367192679405919e-05
field decay(t = 4750.1): 1.7902109663912685e-05 / 0.4145982320517806 = 4.317941631183036e-05
field decay(t = 4772.6125): 1.770020107433887e-05 / 0.4145982320517806 = 4.269241811944879e-05
field decay(t = 4795.125): 1.7500359877631112e-05 / 0.4145982320517806 = 4.221040642412926e-05
field decay(t = 4817.6375): 1.7302647423432663e-05 / 0.4145982320517806 = 4.1733529199593104e-05
field decay(t = 4840.150000000001): 1.7107195606777375e-05 / 0.4145982320517806 = 4.126210457318303e-05
field decay(t = 4862.6625): 1.6913852346943302e-05 / 0.4145982320517806 = 4.0795765730209076e-05
field decay(t = 4885.175): 1.6722495767240273e-05 / 0.4145982320517806 = 4.033421870730926e-05
field decay(t = 4907.6875): 1.6533080888729646e-05 / 0.4145982320517806 = 3.9877355016469955e-05
field decay(t = 4930.200000000001): 1.6345483176720117e-05 / 0.4145982320517806 = 3.942487428330055e-05
field decay(t = 4952.712500000001): 1.6159855705223763e-05 / 0.4145982320517806 = 3.897714571828059e-05
on time step 396936 (time=4961.7), 7.98831e-05 s/step
field decay(t = 4975.225): 1.5976236961353494e-05 / 0.4145982320517806 = 3.8534262151311266e-05
field decay(t = 4997.7375): 1.579463200280881e-05 / 0.4145982320517806 = 3.809623578143035e-05
field decay(t = 5020.25): 1.5614722066651916e-05 / 0.4145982320517806 = 3.76622977608398e-05
field decay(t = 5042.762500000001): 1.5436454765790254e-05 / 0.4145982320517806 = 3.723232173325414e-05
field decay(t = 5065.275000000001): 1.525980014955237e-05 / 0.4145982320517806 = 3.680623545844383e-05
field decay(t = 5087.7875): 1.5084918083414288e-05 / 0.4145982320517806 = 3.6384424527720326e-05
field decay(t = 5110.3): 1.4911814512594533e-05 / 0.4145982320517806 = 3.5966903280793886e-05
field decay(t = 5132.8125): 1.4740464549571121e-05 / 0.4145982320517806 = 3.555361168961795e-05
field decay(t = 5155.325000000001): 1.4570680538835388e-05 / 0.4145982320517806 = 3.5144097134055323e-05
field decay(t = 5177.837500000001): 1.4402404618426667e-05 / 0.4145982320517806 = 3.47382200525831e-05
field decay(t = 5200.35): 1.4235686592710978e-05 / 0.4145982320517806 = 3.4336100572018444e-05
field decay(t = 5222.8625): 1.407050980579276e-05 / 0.4145982320517806 = 3.3937698518780575e-05
field decay(t = 5245.375): 1.3906955708220034e-05 / 0.4145982320517806 = 3.354321034944294e-05
field decay(t = 5267.887500000001): 1.3744994409723686e-05 / 0.4145982320517806 = 3.315256396946484e-05
field decay(t = 5290.400000000001): 1.358446873139563e-05 / 0.4145982320517806 = 3.276538026746583e-05
field decay(t = 5312.9125): 1.3425435516168169e-05 / 0.4145982320517806 = 3.238179634709928e-05
field decay(t = 5335.425): 1.3267991003055344e-05 / 0.4145982320517806 = 3.200204433432861e-05
field decay(t = 5357.9375): 1.3112034961380268e-05 / 0.4145982320517806 = 3.1625882475404915e-05
field decay(t = 5380.450000000001): 1.2957538722681023e-05 / 0.4145982320517806 = 3.125324162275422e-05
field decay(t = 5402.962500000001): 1.2804548536021765e-05 / 0.4145982320517806 = 3.0884233327899385e-05
field decay(t = 5425.475): 1.2653009009501721e-05 / 0.4145982320517806 = 3.0518723987036786e-05
field decay(t = 5447.9875): 1.2502958776316029e-05 / 0.4145982320517806 = 3.0156806782414093e-05
field decay(t = 5470.5): 1.2354485644605233e-05 / 0.4145982320517806 = 2.979869350495021e-05
field decay(t = 5493.012500000001): 1.220748513593966e-05 / 0.4145982320517806 = 2.944413215542855e-05
field decay(t = 5515.525000000001): 1.2061901672131658e-05 / 0.4145982320517806 = 2.909298868072647e-05
field decay(t = 5538.0375): 1.1917848200385374e-05 / 0.4145982320517806 = 2.8745535506521196e-05
field decay(t = 5560.55): 1.1775322845772458e-05 / 0.4145982320517806 = 2.8401768110535013e-05
field decay(t = 5583.0625): 1.16342768318624e-05 / 0.4145982320517806 = 2.8061568845304087e-05
on time step 447001 (time=5587.51), 7.98975e-05 s/step
srun: Job step aborted: Waiting up to 32 seconds for job step to finish.
slurmstepd-d-16-9-1: error: *** JOB 12158293 ON d-16-9-1 CANCELLED AT 2021-12-05T18:04:53 ***
slurmstepd-d-16-9-1: error: *** STEP 12158293.0 ON d-16-9-1 CANCELLED AT 2021-12-05T18:04:53 ***
