Using MPI version 3.1, 20 processes
-----------
Initializing structure...
Splitting into 20 chunks by voxels
time for choose_chunkdivision = 0.014796 s
Working in 3D dimensions.
Computational cell is 4.3 x 4.3 x 16.5 with resolution 40
     cylinder, center = (0,0,-0.85)
          radius 1.72, height 0.2, axis (0, 0, 1)
          dielectric constant epsilon diagonal = (1,1,1)
     block, center = (0,0,-1.1)
          size (1e+20,1e+20,0.3)
          axes (1,0,0), (0,1,0), (0,0,1)
          dielectric constant epsilon diagonal = (1,1,1)
     block, center = (0,0,-4.75)
          size (1e+20,1e+20,7)
          axes (1,0,0), (0,1,0), (0,0,1)
          dielectric constant epsilon diagonal = (12.25,12.25,12.25)
time for set_epsilon = 3.99396 s
time for set_conductivity = 0.0688312 s
time for set_conductivity = 0.0686729 s
time for set_conductivity = 0.070138 s
time for set_conductivity = 0.070214 s
time for set_conductivity = 0.0701249 s
time for set_conductivity = 0.0701618 s
lorentzian susceptibility: frequency=1.05981, gamma=1.48245
lorentzian susceptibility: frequency=0.629112, gamma=0.416989
drude susceptibility: frequency=1e-10, gamma=0.0645244
-----------
Meep: using complex fields.
on time step 1 (time=0.0125), 12.8642 s/step
on time step 20 (time=0.25), 0.221876 s/step
on time step 39 (time=0.4875), 0.22174 s/step
on time step 58 (time=0.725), 0.221711 s/step
on time step 77 (time=0.9625), 0.221612 s/step
on time step 96 (time=1.2), 0.221598 s/step
on time step 115 (time=1.4375), 0.221423 s/step
on time step 134 (time=1.675), 0.221082 s/step
on time step 153 (time=1.9125), 0.221367 s/step
on time step 172 (time=2.15), 0.221423 s/step
on time step 191 (time=2.3875), 0.221222 s/step
on time step 210 (time=2.625), 0.221018 s/step
on time step 229 (time=2.8625), 0.221195 s/step
on time step 248 (time=3.1), 0.221091 s/step
on time step 267 (time=3.3375), 0.221269 s/step
on time step 285 (time=3.5625), 0.224322 s/step
on time step 303 (time=3.7875), 0.230135 s/step
on time step 321 (time=4.0125), 0.234258 s/step
on time step 338 (time=4.225), 0.24876 s/step
on time step 354 (time=4.425), 0.259255 s/step
on time step 371 (time=4.6375), 0.247006 s/step
on time step 389 (time=4.8625), 0.234316 s/step
on time step 407 (time=5.0875), 0.225458 s/step
on time step 425 (time=5.3125), 0.222658 s/step
on time step 444 (time=5.55), 0.221981 s/step
on time step 463 (time=5.7875), 0.221591 s/step
on time step 482 (time=6.025), 0.221617 s/step
on time step 501 (time=6.2625), 0.221391 s/step
on time step 520 (time=6.5), 0.220761 s/step
on time step 539 (time=6.7375), 0.220996 s/step
on time step 558 (time=6.975), 0.220851 s/step
on time step 577 (time=7.2125), 0.22131 s/step
on time step 596 (time=7.45), 0.221318 s/step
on time step 615 (time=7.6875), 0.221387 s/step
on time step 634 (time=7.925), 0.221312 s/step
on time step 653 (time=8.1625), 0.221349 s/step
on time step 672 (time=8.4), 0.221412 s/step
on time step 691 (time=8.6375), 0.221366 s/step
on time step 710 (time=8.875), 0.221142 s/step
on time step 729 (time=9.1125), 0.221359 s/step
on time step 748 (time=9.35), 0.22147 s/step
on time step 767 (time=9.5875), 0.221292 s/step
on time step 786 (time=9.825), 0.221371 s/step
on time step 805 (time=10.0625), 0.221221 s/step
on time step 824 (time=10.3), 0.221224 s/step
on time step 843 (time=10.5375), 0.221276 s/step
on time step 862 (time=10.775), 0.221423 s/step
on time step 881 (time=11.0125), 0.221326 s/step
on time step 900 (time=11.25), 0.221194 s/step
on time step 919 (time=11.4875), 0.221179 s/step
on time step 938 (time=11.725), 0.221412 s/step
on time step 957 (time=11.9625), 0.221423 s/step
on time step 976 (time=12.2), 0.221071 s/step
on time step 995 (time=12.4375), 0.221147 s/step
on time step 1014 (time=12.675), 0.221253 s/step
on time step 1033 (time=12.9125), 0.221376 s/step
on time step 1052 (time=13.15), 0.221232 s/step
on time step 1071 (time=13.3875), 0.221441 s/step
on time step 1090 (time=13.625), 0.220899 s/step
on time step 1109 (time=13.8625), 0.220831 s/step
on time step 1128 (time=14.1), 0.220844 s/step
on time step 1147 (time=14.3375), 0.220808 s/step
on time step 1166 (time=14.575), 0.22073 s/step
on time step 1185 (time=14.8125), 0.220737 s/step
on time step 1204 (time=15.05), 0.220718 s/step
on time step 1223 (time=15.2875), 0.220985 s/step
on time step 1242 (time=15.525), 0.221197 s/step
on time step 1261 (time=15.7625), 0.221171 s/step
on time step 1280 (time=16), 0.22138 s/step
on time step 1299 (time=16.2375), 0.221346 s/step
on time step 1318 (time=16.475), 0.221342 s/step
on time step 1337 (time=16.7125), 0.221291 s/step
on time step 1355 (time=16.9375), 0.225243 s/step
on time step 1373 (time=17.1625), 0.225628 s/step
on time step 1391 (time=17.3875), 0.225507 s/step
on time step 1409 (time=17.6125), 0.222873 s/step
on time step 1428 (time=17.85), 0.221337 s/step
on time step 1447 (time=18.0875), 0.221193 s/step
on time step 1466 (time=18.325), 0.221106 s/step
on time step 1485 (time=18.5625), 0.221086 s/step
on time step 1504 (time=18.8), 0.220865 s/step
on time step 1523 (time=19.0375), 0.220977 s/step
on time step 1542 (time=19.275), 0.220857 s/step
on time step 1561 (time=19.5125), 0.220841 s/step
on time step 1580 (time=19.75), 0.22092 s/step
on time step 1599 (time=19.9875), 0.221105 s/step
on time step 1618 (time=20.225), 0.220966 s/step
on time step 1637 (time=20.4625), 0.22122 s/step
on time step 1656 (time=20.7), 0.221198 s/step
on time step 1675 (time=20.9375), 0.22146 s/step
on time step 1694 (time=21.175), 0.221528 s/step
on time step 1713 (time=21.4125), 0.221552 s/step
on time step 1732 (time=21.65), 0.221563 s/step
on time step 1751 (time=21.8875), 0.221478 s/step
on time step 1770 (time=22.125), 0.221105 s/step
on time step 1789 (time=22.3625), 0.221066 s/step
on time step 1808 (time=22.6), 0.220854 s/step
on time step 1827 (time=22.8375), 0.22095 s/step
on time step 1846 (time=23.075), 0.22124 s/step
on time step 1865 (time=23.3125), 0.221167 s/step
on time step 1884 (time=23.55), 0.221459 s/step
on time step 1903 (time=23.7875), 0.221089 s/step
on time step 1922 (time=24.025), 0.220997 s/step
on time step 1941 (time=24.2625), 0.220825 s/step
on time step 1960 (time=24.5), 0.220876 s/step
on time step 1979 (time=24.7375), 0.221038 s/step
on time step 1998 (time=24.975), 0.221014 s/step
field decay(t = 25.012500000000003): 0.37587138700641054 / 0.37587138700641054 = 1.0
on time step 2017 (time=25.2125), 0.221033 s/step
on time step 2036 (time=25.45), 0.220838 s/step
on time step 2055 (time=25.6875), 0.220935 s/step
on time step 2074 (time=25.925), 0.220974 s/step
on time step 2093 (time=26.1625), 0.22143 s/step
on time step 2112 (time=26.4), 0.221613 s/step
on time step 2131 (time=26.6375), 0.221134 s/step
on time step 2150 (time=26.875), 0.221014 s/step
on time step 2169 (time=27.1125), 0.220995 s/step
on time step 2188 (time=27.35), 0.220927 s/step
on time step 2207 (time=27.5875), 0.220953 s/step
on time step 2226 (time=27.825), 0.220971 s/step
on time step 2245 (time=28.0625), 0.220911 s/step
on time step 2264 (time=28.3), 0.220845 s/step
on time step 2283 (time=28.5375), 0.220915 s/step
on time step 2302 (time=28.775), 0.221282 s/step
on time step 2321 (time=29.0125), 0.221475 s/step
on time step 2340 (time=29.25), 0.221401 s/step
on time step 2359 (time=29.4875), 0.221394 s/step
on time step 2378 (time=29.725), 0.221394 s/step
on time step 2397 (time=29.9625), 0.221644 s/step
on time step 2416 (time=30.2), 0.221451 s/step
on time step 2435 (time=30.4375), 0.221533 s/step
on time step 2454 (time=30.675), 0.221426 s/step
on time step 2473 (time=30.9125), 0.221516 s/step
on time step 2492 (time=31.15), 0.221506 s/step
on time step 2511 (time=31.3875), 0.221573 s/step
on time step 2530 (time=31.625), 0.221493 s/step
on time step 2549 (time=31.8625), 0.221512 s/step
on time step 2568 (time=32.1), 0.221637 s/step
on time step 2587 (time=32.3375), 0.221508 s/step
on time step 2606 (time=32.575), 0.221377 s/step
on time step 2625 (time=32.8125), 0.221698 s/step
on time step 2644 (time=33.05), 0.221476 s/step
on time step 2663 (time=33.2875), 0.22136 s/step
on time step 2682 (time=33.525), 0.221556 s/step
on time step 2701 (time=33.7625), 0.221483 s/step
on time step 2720 (time=34), 0.221399 s/step
on time step 2739 (time=34.2375), 0.221533 s/step
on time step 2758 (time=34.475), 0.221453 s/step
on time step 2777 (time=34.7125), 0.22169 s/step
on time step 2796 (time=34.95), 0.221324 s/step
on time step 2815 (time=35.1875), 0.221369 s/step
on time step 2834 (time=35.425), 0.221442 s/step
on time step 2853 (time=35.6625), 0.221357 s/step
on time step 2872 (time=35.9), 0.221627 s/step
on time step 2891 (time=36.1375), 0.221467 s/step
on time step 2910 (time=36.375), 0.221434 s/step
on time step 2929 (time=36.6125), 0.221128 s/step
on time step 2948 (time=36.85), 0.221064 s/step
on time step 2967 (time=37.0875), 0.221295 s/step
on time step 2986 (time=37.325), 0.221321 s/step
on time step 3005 (time=37.5625), 0.221397 s/step
on time step 3024 (time=37.8), 0.221343 s/step
on time step 3043 (time=38.0375), 0.221287 s/step
on time step 3062 (time=38.275), 0.221609 s/step
on time step 3081 (time=38.5125), 0.221517 s/step
on time step 3100 (time=38.75), 0.221429 s/step
on time step 3119 (time=38.9875), 0.2213 s/step
on time step 3138 (time=39.225), 0.221296 s/step
on time step 3157 (time=39.4625), 0.221543 s/step
on time step 3176 (time=39.7), 0.222004 s/step
on time step 3195 (time=39.9375), 0.221918 s/step
on time step 3214 (time=40.175), 0.222063 s/step
on time step 3233 (time=40.4125), 0.222048 s/step
on time step 3252 (time=40.65), 0.222063 s/step
on time step 3271 (time=40.8875), 0.222159 s/step
on time step 3290 (time=41.125), 0.22201 s/step
on time step 3309 (time=41.3625), 0.221453 s/step
on time step 3328 (time=41.6), 0.221259 s/step
on time step 3347 (time=41.8375), 0.22139 s/step
on time step 3366 (time=42.075), 0.221457 s/step
on time step 3385 (time=42.3125), 0.221536 s/step
on time step 3404 (time=42.55), 0.221463 s/step
on time step 3423 (time=42.7875), 0.22158 s/step
on time step 3442 (time=43.025), 0.221454 s/step
on time step 3461 (time=43.2625), 0.22139 s/step
on time step 3480 (time=43.5), 0.221565 s/step
on time step 3499 (time=43.7375), 0.221424 s/step
on time step 3518 (time=43.975), 0.221545 s/step
on time step 3537 (time=44.2125), 0.221401 s/step
on time step 3556 (time=44.45), 0.221414 s/step
on time step 3575 (time=44.6875), 0.221507 s/step
on time step 3594 (time=44.925), 0.221282 s/step
on time step 3613 (time=45.1625), 0.221348 s/step
on time step 3632 (time=45.4), 0.221436 s/step
on time step 3651 (time=45.6375), 0.221499 s/step
on time step 3670 (time=45.875), 0.221445 s/step
on time step 3689 (time=46.1125), 0.221243 s/step
on time step 3708 (time=46.35), 0.221425 s/step
on time step 3727 (time=46.5875), 0.221545 s/step
on time step 3746 (time=46.825), 0.221215 s/step
on time step 3765 (time=47.0625), 0.221296 s/step
on time step 3784 (time=47.3), 0.221322 s/step
on time step 3803 (time=47.5375), 0.221418 s/step
on time step 3822 (time=47.775), 0.221501 s/step
on time step 3841 (time=48.0125), 0.221477 s/step
on time step 3860 (time=48.25), 0.22142 s/step
on time step 3879 (time=48.4875), 0.221578 s/step
on time step 3898 (time=48.725), 0.221622 s/step
on time step 3917 (time=48.9625), 0.221638 s/step
on time step 3936 (time=49.2), 0.221249 s/step
on time step 3955 (time=49.4375), 0.221352 s/step
on time step 3974 (time=49.675), 0.221347 s/step
on time step 3993 (time=49.9125), 0.22151 s/step
field decay(t = 50.025000000000006): 0.01193846213086839 / 0.37587138700641054 = 0.031762093480834114
on time step 4012 (time=50.15), 0.221497 s/step
on time step 4031 (time=50.3875), 0.221313 s/step
on time step 4050 (time=50.625), 0.221536 s/step
on time step 4069 (time=50.8625), 0.221253 s/step
on time step 4088 (time=51.1), 0.221406 s/step
on time step 4107 (time=51.3375), 0.22159 s/step
on time step 4126 (time=51.575), 0.221495 s/step
on time step 4145 (time=51.8125), 0.221429 s/step
on time step 4164 (time=52.05), 0.221284 s/step
on time step 4183 (time=52.2875), 0.221428 s/step
on time step 4202 (time=52.525), 0.22124 s/step
on time step 4221 (time=52.7625), 0.221263 s/step
on time step 4240 (time=53), 0.221042 s/step
on time step 4259 (time=53.2375), 0.221081 s/step
on time step 4278 (time=53.475), 0.221009 s/step
on time step 4297 (time=53.7125), 0.221024 s/step
on time step 4316 (time=53.95), 0.221072 s/step
on time step 4335 (time=54.1875), 0.221136 s/step
on time step 4354 (time=54.425), 0.22092 s/step
on time step 4373 (time=54.6625), 0.220957 s/step
on time step 4392 (time=54.9), 0.22109 s/step
on time step 4411 (time=55.1375), 0.220868 s/step
on time step 4430 (time=55.375), 0.221056 s/step
on time step 4449 (time=55.6125), 0.221098 s/step
on time step 4468 (time=55.85), 0.220864 s/step
on time step 4487 (time=56.0875), 0.220986 s/step
on time step 4506 (time=56.325), 0.220902 s/step
on time step 4525 (time=56.5625), 0.221191 s/step
on time step 4544 (time=56.8), 0.221103 s/step
on time step 4563 (time=57.0375), 0.221053 s/step
on time step 4582 (time=57.275), 0.220907 s/step
on time step 4601 (time=57.5125), 0.221035 s/step
on time step 4620 (time=57.75), 0.220907 s/step
on time step 4639 (time=57.9875), 0.220918 s/step
on time step 4658 (time=58.225), 0.221015 s/step
on time step 4677 (time=58.4625), 0.221021 s/step
on time step 4696 (time=58.7), 0.220882 s/step
on time step 4715 (time=58.9375), 0.220865 s/step
on time step 4734 (time=59.175), 0.220967 s/step
on time step 4753 (time=59.4125), 0.22109 s/step
on time step 4772 (time=59.65), 0.220715 s/step
on time step 4791 (time=59.8875), 0.220894 s/step
on time step 4810 (time=60.125), 0.220923 s/step
on time step 4829 (time=60.3625), 0.220894 s/step
on time step 4848 (time=60.6), 0.220882 s/step
on time step 4867 (time=60.8375), 0.220888 s/step
on time step 4886 (time=61.075), 0.221021 s/step
on time step 4905 (time=61.3125), 0.221055 s/step
on time step 4924 (time=61.55), 0.220896 s/step
on time step 4943 (time=61.7875), 0.220981 s/step
on time step 4962 (time=62.025), 0.221017 s/step
on time step 4981 (time=62.2625), 0.221096 s/step
on time step 5000 (time=62.5), 0.22106 s/step
on time step 5019 (time=62.7375), 0.220987 s/step
on time step 5038 (time=62.975), 0.22087 s/step
on time step 5057 (time=63.2125), 0.221109 s/step
on time step 5076 (time=63.45), 0.221076 s/step
on time step 5095 (time=63.6875), 0.220975 s/step
on time step 5114 (time=63.925), 0.220878 s/step
on time step 5133 (time=64.1625), 0.220988 s/step
on time step 5152 (time=64.4), 0.221125 s/step
on time step 5171 (time=64.6375), 0.221031 s/step
on time step 5190 (time=64.875), 0.220715 s/step
on time step 5209 (time=65.1125), 0.22084 s/step
on time step 5228 (time=65.35), 0.220994 s/step
on time step 5247 (time=65.5875), 0.220878 s/step
on time step 5266 (time=65.825), 0.220983 s/step
on time step 5285 (time=66.0625), 0.220751 s/step
on time step 5304 (time=66.3), 0.221015 s/step
on time step 5323 (time=66.5375), 0.220992 s/step
on time step 5342 (time=66.775), 0.220931 s/step
on time step 5361 (time=67.0125), 0.220843 s/step
on time step 5380 (time=67.25), 0.220985 s/step
on time step 5399 (time=67.4875), 0.220968 s/step
on time step 5418 (time=67.725), 0.220921 s/step
on time step 5437 (time=67.9625), 0.220872 s/step
on time step 5456 (time=68.2), 0.220795 s/step
on time step 5475 (time=68.4375), 0.22099 s/step
on time step 5494 (time=68.675), 0.220845 s/step
on time step 5513 (time=68.9125), 0.220905 s/step
on time step 5532 (time=69.15), 0.22084 s/step
on time step 5551 (time=69.3875), 0.220899 s/step
on time step 5570 (time=69.625), 0.220939 s/step
on time step 5589 (time=69.8625), 0.221029 s/step
on time step 5608 (time=70.1), 0.220806 s/step
on time step 5627 (time=70.3375), 0.220871 s/step
on time step 5646 (time=70.575), 0.22099 s/step
on time step 5665 (time=70.8125), 0.220858 s/step
on time step 5684 (time=71.05), 0.220878 s/step
on time step 5703 (time=71.2875), 0.220974 s/step
on time step 5722 (time=71.525), 0.221124 s/step
on time step 5741 (time=71.7625), 0.220981 s/step
on time step 5760 (time=72), 0.220982 s/step
on time step 5779 (time=72.2375), 0.221062 s/step
on time step 5798 (time=72.475), 0.220981 s/step
on time step 5817 (time=72.7125), 0.22093 s/step
on time step 5836 (time=72.95), 0.220961 s/step
on time step 5855 (time=73.1875), 0.220895 s/step
on time step 5874 (time=73.425), 0.220938 s/step
on time step 5893 (time=73.6625), 0.220986 s/step
on time step 5912 (time=73.9), 0.220885 s/step
on time step 5931 (time=74.1375), 0.220936 s/step
on time step 5950 (time=74.375), 0.220832 s/step
on time step 5969 (time=74.6125), 0.220904 s/step
on time step 5988 (time=74.85), 0.220901 s/step
field decay(t = 75.03750000000001): 1.58706835446433e-05 / 0.37587138700641054 = 4.222370761191414e-05
on time step 6007 (time=75.0875), 0.220857 s/step
on time step 6026 (time=75.325), 0.220796 s/step
on time step 6045 (time=75.5625), 0.220936 s/step
on time step 6064 (time=75.8), 0.220964 s/step
on time step 6083 (time=76.0375), 0.220935 s/step
on time step 6102 (time=76.275), 0.220855 s/step
on time step 6121 (time=76.5125), 0.220952 s/step
on time step 6140 (time=76.75), 0.220869 s/step
on time step 6159 (time=76.9875), 0.221119 s/step
on time step 6178 (time=77.225), 0.221036 s/step
on time step 6197 (time=77.4625), 0.220903 s/step
on time step 6216 (time=77.7), 0.220896 s/step
on time step 6235 (time=77.9375), 0.220882 s/step
on time step 6254 (time=78.175), 0.220904 s/step
on time step 6273 (time=78.4125), 0.220948 s/step
on time step 6292 (time=78.65), 0.22088 s/step
on time step 6311 (time=78.8875), 0.220923 s/step
on time step 6330 (time=79.125), 0.22098 s/step
on time step 6349 (time=79.3625), 0.220862 s/step
on time step 6368 (time=79.6), 0.221114 s/step
on time step 6387 (time=79.8375), 0.220932 s/step
on time step 6406 (time=80.075), 0.220952 s/step
on time step 6425 (time=80.3125), 0.220954 s/step
on time step 6444 (time=80.55), 0.221067 s/step
on time step 6463 (time=80.7875), 0.221168 s/step
on time step 6482 (time=81.025), 0.221078 s/step
on time step 6501 (time=81.2625), 0.220991 s/step
on time step 6520 (time=81.5), 0.220942 s/step
on time step 6539 (time=81.7375), 0.221081 s/step
on time step 6558 (time=81.975), 0.221042 s/step
on time step 6577 (time=82.2125), 0.220926 s/step
on time step 6596 (time=82.45), 0.220993 s/step
on time step 6615 (time=82.6875), 0.221045 s/step
on time step 6634 (time=82.925), 0.221048 s/step
on time step 6653 (time=83.1625), 0.221036 s/step
on time step 6672 (time=83.4), 0.221062 s/step
on time step 6691 (time=83.6375), 0.221099 s/step
on time step 6710 (time=83.875), 0.221094 s/step
on time step 6729 (time=84.1125), 0.221008 s/step
on time step 6748 (time=84.35), 0.221105 s/step
on time step 6767 (time=84.5875), 0.221038 s/step
on time step 6786 (time=84.825), 0.221073 s/step
on time step 6805 (time=85.0625), 0.221164 s/step
on time step 6824 (time=85.3), 0.220802 s/step
on time step 6843 (time=85.5375), 0.220734 s/step
on time step 6862 (time=85.775), 0.220957 s/step
on time step 6881 (time=86.0125), 0.220987 s/step
on time step 6900 (time=86.25), 0.220844 s/step
on time step 6919 (time=86.4875), 0.22098 s/step
on time step 6938 (time=86.725), 0.220957 s/step
on time step 6957 (time=86.9625), 0.220865 s/step
on time step 6976 (time=87.2), 0.220811 s/step
on time step 6995 (time=87.4375), 0.220784 s/step
on time step 7014 (time=87.675), 0.220854 s/step
on time step 7033 (time=87.9125), 0.220961 s/step
on time step 7052 (time=88.15), 0.220736 s/step
on time step 7071 (time=88.3875), 0.220876 s/step
on time step 7090 (time=88.625), 0.220998 s/step
on time step 7109 (time=88.8625), 0.220937 s/step
on time step 7128 (time=89.1), 0.22087 s/step
on time step 7147 (time=89.3375), 0.22098 s/step
on time step 7166 (time=89.575), 0.220841 s/step
on time step 7185 (time=89.8125), 0.220847 s/step
on time step 7204 (time=90.05), 0.221057 s/step
on time step 7223 (time=90.2875), 0.220917 s/step
on time step 7242 (time=90.525), 0.221092 s/step
on time step 7261 (time=90.7625), 0.221029 s/step
on time step 7280 (time=91), 0.221033 s/step
on time step 7299 (time=91.2375), 0.220988 s/step
on time step 7318 (time=91.475), 0.220785 s/step
on time step 7337 (time=91.7125), 0.221082 s/step
on time step 7356 (time=91.95), 0.220874 s/step
on time step 7375 (time=92.1875), 0.22075 s/step
on time step 7394 (time=92.425), 0.221047 s/step
on time step 7413 (time=92.6625), 0.22097 s/step
on time step 7432 (time=92.9), 0.220965 s/step
on time step 7451 (time=93.1375), 0.220862 s/step
on time step 7470 (time=93.375), 0.220831 s/step
on time step 7489 (time=93.6125), 0.220923 s/step
on time step 7508 (time=93.85), 0.220979 s/step
on time step 7527 (time=94.0875), 0.220992 s/step
on time step 7546 (time=94.325), 0.220821 s/step
on time step 7565 (time=94.5625), 0.220919 s/step
on time step 7584 (time=94.8), 0.220977 s/step
on time step 7603 (time=95.0375), 0.221118 s/step
on time step 7622 (time=95.275), 0.220965 s/step
on time step 7641 (time=95.5125), 0.220881 s/step
on time step 7660 (time=95.75), 0.220978 s/step
on time step 7679 (time=95.9875), 0.220912 s/step
on time step 7698 (time=96.225), 0.221063 s/step
on time step 7717 (time=96.4625), 0.22094 s/step
on time step 7736 (time=96.7), 0.2211 s/step
on time step 7755 (time=96.9375), 0.22098 s/step
on time step 7774 (time=97.175), 0.221 s/step
on time step 7793 (time=97.4125), 0.220874 s/step
on time step 7812 (time=97.65), 0.220873 s/step
on time step 7831 (time=97.8875), 0.221033 s/step
on time step 7850 (time=98.125), 0.220885 s/step
on time step 7869 (time=98.3625), 0.221106 s/step
on time step 7888 (time=98.6), 0.220966 s/step
on time step 7907 (time=98.8375), 0.22095 s/step
on time step 7926 (time=99.075), 0.220961 s/step
on time step 7945 (time=99.3125), 0.220931 s/step
on time step 7964 (time=99.55), 0.220923 s/step
on time step 7983 (time=99.7875), 0.221003 s/step
on time step 8002 (time=100.025), 0.221025 s/step
field decay(t = 100.05000000000001): 1.2956616652024642e-05 / 0.37587138700641054 = 3.447087780534799e-05
on time step 8021 (time=100.263), 0.220994 s/step
on time step 8040 (time=100.5), 0.221026 s/step
on time step 8059 (time=100.738), 0.220914 s/step
on time step 8078 (time=100.975), 0.220967 s/step
on time step 8097 (time=101.213), 0.221096 s/step
on time step 8116 (time=101.45), 0.221036 s/step
on time step 8135 (time=101.688), 0.220866 s/step
on time step 8154 (time=101.925), 0.2209 s/step
on time step 8173 (time=102.163), 0.221005 s/step
on time step 8192 (time=102.4), 0.220853 s/step
on time step 8211 (time=102.638), 0.220954 s/step
on time step 8230 (time=102.875), 0.220928 s/step
on time step 8249 (time=103.113), 0.220815 s/step
on time step 8268 (time=103.35), 0.220821 s/step
on time step 8287 (time=103.588), 0.220792 s/step
on time step 8306 (time=103.825), 0.220737 s/step
on time step 8325 (time=104.062), 0.220903 s/step
on time step 8344 (time=104.3), 0.221009 s/step
on time step 8363 (time=104.538), 0.220995 s/step
on time step 8382 (time=104.775), 0.220907 s/step
on time step 8401 (time=105.013), 0.220884 s/step
on time step 8420 (time=105.25), 0.221066 s/step
on time step 8439 (time=105.488), 0.221085 s/step
on time step 8458 (time=105.725), 0.221128 s/step
on time step 8477 (time=105.963), 0.221019 s/step
on time step 8496 (time=106.2), 0.220821 s/step
on time step 8515 (time=106.438), 0.220929 s/step
on time step 8534 (time=106.675), 0.221006 s/step
on time step 8553 (time=106.913), 0.221 s/step
on time step 8572 (time=107.15), 0.221065 s/step
on time step 8591 (time=107.388), 0.220987 s/step
on time step 8610 (time=107.625), 0.220989 s/step
on time step 8629 (time=107.863), 0.221034 s/step
on time step 8648 (time=108.1), 0.220844 s/step
on time step 8667 (time=108.338), 0.221022 s/step
on time step 8686 (time=108.575), 0.220927 s/step
on time step 8705 (time=108.812), 0.220943 s/step
on time step 8724 (time=109.05), 0.220855 s/step
on time step 8743 (time=109.288), 0.22079 s/step
on time step 8762 (time=109.525), 0.220945 s/step
on time step 8781 (time=109.763), 0.220929 s/step
on time step 8800 (time=110), 0.220812 s/step
on time step 8819 (time=110.238), 0.220878 s/step
on time step 8838 (time=110.475), 0.221115 s/step
on time step 8857 (time=110.713), 0.220803 s/step
on time step 8876 (time=110.95), 0.221068 s/step
on time step 8895 (time=111.188), 0.221053 s/step
on time step 8914 (time=111.425), 0.220978 s/step
on time step 8933 (time=111.663), 0.221033 s/step
on time step 8952 (time=111.9), 0.221032 s/step
on time step 8971 (time=112.138), 0.220957 s/step
on time step 8990 (time=112.375), 0.221066 s/step
on time step 9009 (time=112.613), 0.221076 s/step
on time step 9028 (time=112.85), 0.220724 s/step
on time step 9047 (time=113.088), 0.220875 s/step
on time step 9066 (time=113.325), 0.22093 s/step
on time step 9085 (time=113.562), 0.221031 s/step
on time step 9104 (time=113.8), 0.220846 s/step
on time step 9123 (time=114.038), 0.220835 s/step
on time step 9142 (time=114.275), 0.220984 s/step
on time step 9161 (time=114.513), 0.221028 s/step
on time step 9180 (time=114.75), 0.22093 s/step
on time step 9199 (time=114.988), 0.220425 s/step
on time step 9218 (time=115.225), 0.22058 s/step
on time step 9237 (time=115.463), 0.220333 s/step
on time step 9256 (time=115.7), 0.220879 s/step
on time step 9275 (time=115.938), 0.221041 s/step
on time step 9294 (time=116.175), 0.220944 s/step
on time step 9313 (time=116.413), 0.220927 s/step
on time step 9332 (time=116.65), 0.221056 s/step
on time step 9351 (time=116.888), 0.221176 s/step
on time step 9370 (time=117.125), 0.221014 s/step
on time step 9389 (time=117.363), 0.221099 s/step
on time step 9408 (time=117.6), 0.221141 s/step
on time step 9427 (time=117.838), 0.221 s/step
on time step 9446 (time=118.075), 0.220884 s/step
on time step 9465 (time=118.312), 0.221059 s/step
on time step 9484 (time=118.55), 0.220883 s/step
