Using MPI version 3.1, 960 processes
(600, 280)
-----------
Initializing structure...
Splitting into 27 chunks by voxels
time for choose_chunkdivision = 0.000877857 s
Working in 2D dimensions.
Computational cell is 15 x 7 x 0 with resolution 40
time for set_epsilon = 4.34044 s
-----------
Meep: using complex fields.
field decay(t = 8.025): 6.514533036845145e-214 / 6.514533036845145e-214 = 1.0
field decay(t = 12.037500000000001): 1.060538362430784e-39 / 1.060538362430784e-39 = 1.0
field decay(t = 16.05): 8.762938081650452e-11 / 8.762938081650452e-11 = 1.0
field decay(t = 20.0625): 3.524610266031561e-07 / 3.524610266031561e-07 = 1.0
field decay(t = 24.075000000000003): 0.00018708103141867012 / 0.00018708103141867012 = 1.0
on time step 2235 (time=27.9375), 0.00178971 s/step
field decay(t = 28.087500000000002): 0.01319676756783977 / 0.01319676756783977 = 1.0
field decay(t = 32.0875): 0.12151268956111227 / 0.12151268956111227 = 1.0
field decay(t = 36.1): 0.1720380612639657 / 0.1720380612639657 = 1.0
field decay(t = 40.112500000000004): 0.14119965660426037 / 0.1720380612639657 = 0.8207466159922101
field decay(t = 44.125): 0.01733275589718142 / 0.1720380612639657 = 0.10074954210619125
field decay(t = 48.1375): 0.0014374640672248104 / 0.1720380612639657 = 0.00835550026932264
field decay(t = 52.150000000000006): 0.0034731779424430464 / 0.1720380612639657 = 0.020188427589369274
field decay(t = 56.1625): 0.0038664215144813404 / 0.1720380612639657 = 0.022474221611628816
field decay(t = 60.175000000000004): 0.0028586024449527656 / 0.1720380612639657 = 0.01661610473839672
field decay(t = 64.175): 0.0003569826481038744 / 0.1720380612639657 = 0.0020750213381917847
on time step 5305 (time=66.3125), 0.00130327 s/step
field decay(t = 68.1875): 8.906225192758922e-05 / 0.1720380612639657 = 0.0005176892326805347
field decay(t = 72.2): 7.466890786384044e-05 / 0.1720380612639657 = 0.00043402551339655356
field decay(t = 76.2125): 7.417127597997632e-05 / 0.1720380612639657 = 0.0004311329448555689
field decay(t = 80.22500000000001): 4.029314424148542e-05 / 0.1720380612639657 = 0.0002342106388868324
field decay(t = 84.23750000000001): 5.64017772294801e-06 / 0.1720380612639657 = 3.27844761880572e-05
field decay(t = 88.25): 4.243159383563951e-06 / 0.1720380612639657 = 2.466407347530778e-05
field decay(t = 92.2625): 2.8417145909430213e-06 / 0.1720380612639657 = 1.6517941262909556e-05
field decay(t = 96.275): 1.9150330430082327e-06 / 0.1720380612639657 = 1.1131449802087177e-05
on time step 7782 (time=97.275), 0.00161528 s/step
field decay(t = 100.28750000000001): 7.696537705817869e-07 / 0.1720380612639657 = 4.473741246135485e-06
field decay(t = 104.30000000000001): 2.2752948322619102e-07 / 0.1720380612639657 = 1.3225531696563492e-06
field decay(t = 108.3125): 2.179432257134949e-07 / 0.1720380612639657 = 1.2668314448108947e-06
field decay(t = 112.325): 1.1000970546385739e-07 / 0.1720380612639657 = 6.39449809278335e-07
run 0 finished at t = 112.325 (8986 timesteps)
Iteration 1
Luminous efficiency: 0.2126565273210455

Elapsed run time = 461.4420 s
